[  2%] [34m[1mGenerating C code for ROS interfaces[0m
[  5%] [34m[1mGenerating C++ code for ROS interfaces[0m
[  5%] Built target ament_cmake_python_copy_qcar2_interfaces
Traceback (most recent call last):
  File "setup.py", line 1, in <module>
    from setuptools import find_packages
  File "/home/admin/.local/lib/python3.8/site-packages/setuptools/__init__.py", line 27, in <module>
    from .dist import Distribution
  File "/home/admin/.local/lib/python3.8/site-packages/setuptools/dist.py", line 30, in <module>
    from . import (
  File "/home/admin/.local/lib/python3.8/site-packages/setuptools/_entry_points.py", line 45, in <module>
    def validate(eps: metadata.EntryPoints):
AttributeError: module 'importlib_metadata' has no attribute 'EntryPoints'
make[2]: *** [CMakeFiles/ament_cmake_python_build_qcar2_interfaces_egg.dir/build.make:70: CMakeFiles/ament_cmake_python_build_qcar2_interfaces_egg] Error 1
make[1]: *** [CMakeFiles/Makefile2:447: CMakeFiles/ament_cmake_python_build_qcar2_interfaces_egg.dir/all] Error 2
make[1]: *** Waiting for unfinished jobs....
[ 10%] [32mBuilding C object CMakeFiles/qcar2_interfaces__rosidl_generator_c.dir/rosidl_generator_c/qcar2_interfaces/msg/detail/boolean_leds__functions.c.o[0m
[ 10%] [32mBuilding C object CMakeFiles/qcar2_interfaces__rosidl_generator_c.dir/rosidl_generator_c/qcar2_interfaces/msg/detail/motor_commands__functions.c.o[0m
[ 10%] Built target qcar2_interfaces__cpp
[ 12%] [32m[1mLinking C shared library libqcar2_interfaces__rosidl_generator_c.so[0m
[ 12%] Built target qcar2_interfaces__rosidl_generator_c
make: *** [Makefile:146: all] Error 2
