running egg_info
creating ../../build/qcar_wasd_controller/qcar_wasd_controller.egg-info
writing ../../build/qcar_wasd_controller/qcar_wasd_controller.egg-info/PKG-INFO
writing dependency_links to ../../build/qcar_wasd_controller/qcar_wasd_controller.egg-info/dependency_links.txt
writing entry points to ../../build/qcar_wasd_controller/qcar_wasd_controller.egg-info/entry_points.txt
writing requirements to ../../build/qcar_wasd_controller/qcar_wasd_controller.egg-info/requires.txt
writing top-level names to ../../build/qcar_wasd_controller/qcar_wasd_controller.egg-info/top_level.txt
writing manifest file '../../build/qcar_wasd_controller/qcar_wasd_controller.egg-info/SOURCES.txt'
reading manifest file '../../build/qcar_wasd_controller/qcar_wasd_controller.egg-info/SOURCES.txt'
writing manifest file '../../build/qcar_wasd_controller/qcar_wasd_controller.egg-info/SOURCES.txt'
running build
running build_py
creating /workspaces/isaac_ros-dev/ros2/build/qcar_wasd_controller/build
creating /workspaces/isaac_ros-dev/ros2/build/qcar_wasd_controller/build/lib
creating /workspaces/isaac_ros-dev/ros2/build/qcar_wasd_controller/build/lib/qcar_wasd_controller
copying qcar_wasd_controller/wasd_teleop.py -> /workspaces/isaac_ros-dev/ros2/build/qcar_wasd_controller/build/lib/qcar_wasd_controller
copying qcar_wasd_controller/__init__.py -> /workspaces/isaac_ros-dev/ros2/build/qcar_wasd_controller/build/lib/qcar_wasd_controller
running install
running install_lib
creating /workspaces/isaac_ros-dev/ros2/install/qcar_wasd_controller/lib/python3.8/site-packages/qcar_wasd_controller
copying /workspaces/isaac_ros-dev/ros2/build/qcar_wasd_controller/build/lib/qcar_wasd_controller/wasd_teleop.py -> /workspaces/isaac_ros-dev/ros2/install/qcar_wasd_controller/lib/python3.8/site-packages/qcar_wasd_controller
copying /workspaces/isaac_ros-dev/ros2/build/qcar_wasd_controller/build/lib/qcar_wasd_controller/__init__.py -> /workspaces/isaac_ros-dev/ros2/install/qcar_wasd_controller/lib/python3.8/site-packages/qcar_wasd_controller
byte-compiling /workspaces/isaac_ros-dev/ros2/install/qcar_wasd_controller/lib/python3.8/site-packages/qcar_wasd_controller/wasd_teleop.py to wasd_teleop.cpython-38.pyc
byte-compiling /workspaces/isaac_ros-dev/ros2/install/qcar_wasd_controller/lib/python3.8/site-packages/qcar_wasd_controller/__init__.py to __init__.cpython-38.pyc
running install_data
copying resource/qcar_wasd_controller -> /workspaces/isaac_ros-dev/ros2/install/qcar_wasd_controller/share/ament_index/resource_index/packages
copying package.xml -> /workspaces/isaac_ros-dev/ros2/install/qcar_wasd_controller/share/qcar_wasd_controller
running install_egg_info
Copying ../../build/qcar_wasd_controller/qcar_wasd_controller.egg-info to /workspaces/isaac_ros-dev/ros2/install/qcar_wasd_controller/lib/python3.8/site-packages/qcar_wasd_controller-0.0.1-py3.8.egg-info
running install_scripts
Installing wasd_teleop script to /workspaces/isaac_ros-dev/ros2/install/qcar_wasd_controller/lib/qcar_wasd_controller
writing list of installed files to '/workspaces/isaac_ros-dev/ros2/build/qcar_wasd_controller/install.log'
