[0.061s] Invoking command in '/workspaces/isaac_ros-dev/ros2/build/qcar2_nodes': CMAKE_PREFIX_PATH=/workspaces/isaac_ros-dev/ros2/install/qcar2_interfaces:/workspaces/isaac_ros-dev/ros2/install/qcar2_nodes:/opt/ros/humble /usr/bin/cmake --build /workspaces/isaac_ros-dev/ros2/build/qcar2_nodes -- -j16 -l16
[0.092s] [35m[1mConsolidate compiler generated dependencies of target fixed_lidar_frame[0m
[0.093s] [35m[1mConsolidate compiler generated dependencies of target command[0m
[0.093s] [35m[1mConsolidate compiler generated dependencies of target qcar2_hardware[0m
[0.093s] [35m[1mConsolidate compiler generated dependencies of target csi[0m
[0.093s] [35m[1mConsolidate compiler generated dependencies of target rgbd[0m
[0.093s] [35m[1mConsolidate compiler generated dependencies of target nav2_qcar2_converter[0m
[0.093s] [35m[1mConsolidate compiler generated dependencies of target lidar[0m
[0.094s] [35m[1mConsolidate compiler generated dependencies of target fixed_lidar_frame_virtual[0m
[0.116s] [ 50%] Built target nav2_qcar2_converter
[0.116s] [ 50%] Built target lidar
[0.116s] [ 50%] Built target csi
[0.116s] [ 56%] Built target fixed_lidar_frame
[0.116s] [ 62%] Built target command
[0.117s] [ 75%] Built target rgbd
[0.117s] [ 87%] Built target qcar2_hardware
[0.118s] [100%] Built target fixed_lidar_frame_virtual
[0.125s] Invoked command in '/workspaces/isaac_ros-dev/ros2/build/qcar2_nodes' returned '0': CMAKE_PREFIX_PATH=/workspaces/isaac_ros-dev/ros2/install/qcar2_interfaces:/workspaces/isaac_ros-dev/ros2/install/qcar2_nodes:/opt/ros/humble /usr/bin/cmake --build /workspaces/isaac_ros-dev/ros2/build/qcar2_nodes -- -j16 -l16
[0.224s] Invoking command in '/workspaces/isaac_ros-dev/ros2/build/qcar2_nodes': CMAKE_PREFIX_PATH=/workspaces/isaac_ros-dev/ros2/install/qcar2_interfaces:/workspaces/isaac_ros-dev/ros2/install/qcar2_nodes:/opt/ros/humble /usr/bin/cmake --install /workspaces/isaac_ros-dev/ros2/build/qcar2_nodes
[0.230s] -- Install configuration: ""
[0.231s] -- Up-to-date: /workspaces/isaac_ros-dev/ros2/install/qcar2_nodes/lib/qcar2_nodes/qcar2_hardware
[0.231s] -- Up-to-date: /workspaces/isaac_ros-dev/ros2/install/qcar2_nodes/lib/qcar2_nodes/rgbd
[0.231s] -- Up-to-date: /workspaces/isaac_ros-dev/ros2/install/qcar2_nodes/lib/qcar2_nodes/lidar
[0.231s] -- Up-to-date: /workspaces/isaac_ros-dev/ros2/install/qcar2_nodes/lib/qcar2_nodes/csi
[0.232s] -- Up-to-date: /workspaces/isaac_ros-dev/ros2/install/qcar2_nodes/lib/qcar2_nodes/command
[0.232s] -- Up-to-date: /workspaces/isaac_ros-dev/ros2/install/qcar2_nodes/lib/qcar2_nodes/nav2_qcar2_converter
[0.233s] -- Up-to-date: /workspaces/isaac_ros-dev/ros2/install/qcar2_nodes/lib/qcar2_nodes/fixed_lidar_frame
[0.233s] -- Up-to-date: /workspaces/isaac_ros-dev/ros2/install/qcar2_nodes/lib/qcar2_nodes/fixed_lidar_frame_virtual
[0.233s] -- Up-to-date: /workspaces/isaac_ros-dev/ros2/install/qcar2_nodes/share/qcar2_nodes//launch
[0.233s] -- Up-to-date: /workspaces/isaac_ros-dev/ros2/install/qcar2_nodes/share/qcar2_nodes//launch/qcar2_manual_drive_launch.py
[0.233s] -- Up-to-date: /workspaces/isaac_ros-dev/ros2/install/qcar2_nodes/share/qcar2_nodes//launch/qcar2_launch.py
[0.233s] -- Up-to-date: /workspaces/isaac_ros-dev/ros2/install/qcar2_nodes/share/qcar2_nodes//launch/qcar2_manual_cartographer_launch.py
[0.233s] -- Up-to-date: /workspaces/isaac_ros-dev/ros2/install/qcar2_nodes/share/qcar2_nodes//launch/qcar2_cartographer_virtual_launch.py
[0.234s] -- Up-to-date: /workspaces/isaac_ros-dev/ros2/install/qcar2_nodes/share/qcar2_nodes//launch/qcar2_cartographer_launch.py
[0.234s] -- Up-to-date: /workspaces/isaac_ros-dev/ros2/install/qcar2_nodes/share/qcar2_nodes//launch/qcar2_virtual_launch.py
[0.234s] -- Up-to-date: /workspaces/isaac_ros-dev/ros2/install/qcar2_nodes/share/qcar2_nodes//launch/qcar2_slam_and_nav_bringup_launch.py
[0.234s] -- Up-to-date: /workspaces/isaac_ros-dev/ros2/install/qcar2_nodes/share/qcar2_nodes//launch/qcar2_slam_and_nav_bringup_virtual_launch.py
[0.234s] -- Up-to-date: /workspaces/isaac_ros-dev/ros2/install/qcar2_nodes/share/qcar2_nodes//rt_models
[0.234s] -- Up-to-date: /workspaces/isaac_ros-dev/ros2/install/qcar2_nodes/share/qcar2_nodes//rt_models/dummy_model
[0.234s] -- Up-to-date: /workspaces/isaac_ros-dev/ros2/install/qcar2_nodes/share/qcar2_nodes//config
[0.234s] -- Up-to-date: /workspaces/isaac_ros-dev/ros2/install/qcar2_nodes/share/qcar2_nodes//config/qcar2_2d.lua
[0.234s] -- Up-to-date: /workspaces/isaac_ros-dev/ros2/install/qcar2_nodes/share/qcar2_nodes//config/qcar2_slam_and_nav_virtual.yaml
[0.234s] -- Up-to-date: /workspaces/isaac_ros-dev/ros2/install/qcar2_nodes/share/qcar2_nodes//config/qcar2_slam_and_nav.yaml
[0.235s] -- Up-to-date: /workspaces/isaac_ros-dev/ros2/install/qcar2_nodes/share/ament_index/resource_index/package_run_dependencies/qcar2_nodes
[0.235s] -- Up-to-date: /workspaces/isaac_ros-dev/ros2/install/qcar2_nodes/share/ament_index/resource_index/parent_prefix_path/qcar2_nodes
[0.235s] -- Up-to-date: /workspaces/isaac_ros-dev/ros2/install/qcar2_nodes/share/qcar2_nodes/environment/ament_prefix_path.sh
[0.235s] -- Up-to-date: /workspaces/isaac_ros-dev/ros2/install/qcar2_nodes/share/qcar2_nodes/environment/ament_prefix_path.dsv
[0.235s] -- Up-to-date: /workspaces/isaac_ros-dev/ros2/install/qcar2_nodes/share/qcar2_nodes/environment/path.sh
[0.235s] -- Up-to-date: /workspaces/isaac_ros-dev/ros2/install/qcar2_nodes/share/qcar2_nodes/environment/path.dsv
[0.235s] -- Up-to-date: /workspaces/isaac_ros-dev/ros2/install/qcar2_nodes/share/qcar2_nodes/local_setup.bash
[0.235s] -- Up-to-date: /workspaces/isaac_ros-dev/ros2/install/qcar2_nodes/share/qcar2_nodes/local_setup.sh
[0.235s] -- Up-to-date: /workspaces/isaac_ros-dev/ros2/install/qcar2_nodes/share/qcar2_nodes/local_setup.zsh
[0.235s] -- Up-to-date: /workspaces/isaac_ros-dev/ros2/install/qcar2_nodes/share/qcar2_nodes/local_setup.dsv
[0.235s] -- Installing: /workspaces/isaac_ros-dev/ros2/install/qcar2_nodes/share/qcar2_nodes/package.dsv
[0.236s] -- Up-to-date: /workspaces/isaac_ros-dev/ros2/install/qcar2_nodes/share/ament_index/resource_index/packages/qcar2_nodes
[0.236s] -- Up-to-date: /workspaces/isaac_ros-dev/ros2/install/qcar2_nodes/share/qcar2_nodes/cmake/qcar2_nodesConfig.cmake
[0.236s] -- Up-to-date: /workspaces/isaac_ros-dev/ros2/install/qcar2_nodes/share/qcar2_nodes/cmake/qcar2_nodesConfig-version.cmake
[0.236s] -- Up-to-date: /workspaces/isaac_ros-dev/ros2/install/qcar2_nodes/share/qcar2_nodes/package.xml
[0.237s] Invoked command in '/workspaces/isaac_ros-dev/ros2/build/qcar2_nodes' returned '0': CMAKE_PREFIX_PATH=/workspaces/isaac_ros-dev/ros2/install/qcar2_interfaces:/workspaces/isaac_ros-dev/ros2/install/qcar2_nodes:/opt/ros/humble /usr/bin/cmake --install /workspaces/isaac_ros-dev/ros2/build/qcar2_nodes
