[0.000000] (-) TimerEvent: {}
[0.000308] (qcar2_interfaces) JobQueued: {'identifier': 'qcar2_interfaces', 'dependencies': OrderedDict()}
[0.000513] (qcar2_nodes) JobQueued: {'identifier': 'qcar2_nodes', 'dependencies': OrderedDict([('qcar2_interfaces', '/workspaces/isaac_ros-dev/ros2/install/qcar2_interfaces')])}
[0.000634] (qcar2_interfaces) JobStarted: {'identifier': 'qcar2_interfaces'}
[0.099731] (-) TimerEvent: {}
[0.172070] (qcar2_interfaces) JobProgress: {'identifier': 'qcar2_interfaces', 'progress': 'cmake'}
[0.172768] (qcar2_interfaces) JobProgress: {'identifier': 'qcar2_interfaces', 'progress': 'build'}
[0.173439] (qcar2_interfaces) Command: {'cmd': ['/usr/bin/cmake', '--build', '/workspaces/isaac_ros-dev/ros2/build/qcar2_interfaces', '--', '-j16', '-l16'], 'cwd': '/workspaces/isaac_ros-dev/ros2/build/qcar2_interfaces', 'env': OrderedDict([('NPP_VERSION', '11.8.0.86'), ('SHELL', '/bin/bash'), ('ROS_VERSION', '2'), ('NVIDIA_VISIBLE_DEVICES', 'all'), ('DALI_BUILD', '5838886'), ('CUSOLVER_VERSION', '11.4.1.48'), ('USER_UID', '1000'), ('CUBLAS_VERSION', '11.11.3.6'), ('ROS_PYTHON_VERSION', '3'), ('HOSTNAME', 'Nitro'), ('FASTRTPS_DEFAULT_PROFILES_FILE', '/usr/local/share/middleware_profiles/rtps_udp_profile.xml'), ('DCGM_VERSION', '2.2.9'), ('NVIDIA_REQUIRE_CUDA', 'cuda>=9.0'), ('CUFFT_VERSION', '10.9.0.58'), ('CUDA_CACHE_DISABLE', '1'), ('NCCL_VERSION', '2.15.1'), ('CUSPARSE_VERSION', '11.7.5.86'), ('ENV', '/etc/shinit_v2'), ('PWD', '/workspaces/isaac_ros-dev/ros2/build/qcar2_interfaces'), ('OPENUCX_VERSION', '1.14.0'), ('NSIGHT_SYSTEMS_VERSION', '2022.3.1.43'), ('NVIDIA_DRIVER_CAPABILITIES', 'all'), ('POLYGRAPHY_VERSION', '0.38.0'), ('TF_ENABLE_WINOGRAD_NONFUSED', '1'), ('TRT_VERSION', '8.5.0.12'), ('USER_GID', '1000'), ('NVIDIA_PRODUCT_NAME', 'Triton Server'), ('RDMACORE_VERSION', '36.0'), ('HOME', '/home/admin'), ('USERNAME', 'admin'), ('LANG', 'en_US.UTF-8'), ('CUDA_VERSION', '11.8.0.062'), ('CURAND_VERSION', '10.3.0.86'), ('AMENT_PREFIX_PATH', '/workspaces/isaac_ros-dev/ros2/install/qcar_wasd_controller:/workspaces/isaac_ros-dev/ros2/install/qcar2_nodes:/workspaces/isaac_ros-dev/ros2/install/qcar2_interfaces:/opt/ros/humble'), ('CMAKE_PREFIX_PATH', '/workspaces/isaac_ros-dev/ros2/install/qcar2_nodes:/workspaces/isaac_ros-dev/ros2/install/qcar2_interfaces:/workspaces/isaac_ros-dev/ros2/install/qcar_wasd_controller:/opt/ros/humble'), ('COLCON_PREFIX_PATH', '/workspaces/isaac_ros-dev/ros2/install'), ('CUTENSOR_VERSION', '1.6.1.5'), ('TRITON_SERVER_GPU_ENABLED', '1'), ('HPCX_VERSION', '2.12.1a0'), ('PYTHONPATH', '/workspaces/isaac_ros-dev/ros2/install/qcar_wasd_controller/lib/python3.8/site-packages:/workspaces/isaac_ros-dev/ros2/install/qcar2_interfaces/lib/python3.8/site-packages:/opt/ros/humble/lib/python3.8/site-packages'), ('COLCON', '1'), ('TERM', 'xterm'), ('TRITON_SERVER_VERSION', '2.26.0'), ('GDRCOPY_VERSION', '2.3'), ('USER', 'axe'), ('OPENMPI_VERSION', '4.1.4'), ('NVJPEG_VERSION', '11.9.0.86'), ('LIBRARY_PATH', '/usr/local/cuda/lib64/stubs:'), ('DISPLAY', ':1'), ('SHLVL', '1'), ('BASH_ENV', '/etc/bash.bashrc'), ('TF_AUTOTUNE_THRESHOLD', '2'), ('CUDNN_VERSION', '8.6.0.163'), ('NSIGHT_COMPUTE_VERSION', '2022.3.0.22'), ('DALI_VERSION', '1.17.0'), ('NVIDIA_TRITON_SERVER_VERSION', '22.09'), ('LD_LIBRARY_PATH', '/workspaces/isaac_ros-dev/ros2/install/qcar2_interfaces/lib:/opt/ros/humble/opt/rviz_ogre_vendor/lib:/opt/ros/humble/lib/x86_64-linux-gnu:/opt/ros/humble/lib:/opt/tritonserver/backends/onnxruntime:/usr/local/cuda/compat/lib:/usr/local/nvidia/lib:/usr/local/nvidia/lib64:/opt/tritonserver/lib'), ('NVIDIA_BUILD_ID', '44909143'), ('ROS_LOCALHOST_ONLY', '0'), ('OMPI_MCA_coll_hcoll_enable', '0'), ('OPAL_PREFIX', '/opt/hpcx/ompi'), ('CUDA_DRIVER_VERSION', '520.61.03'), ('_CUDA_COMPAT_PATH', '/usr/local/cuda/compat'), ('PATH', '/opt/ros/humble/bin:/opt/tritonserver/bin:/usr/local/mpi/bin:/usr/local/nvidia/bin:/usr/local/cuda/bin:/usr/local/sbin:/usr/local/bin:/usr/sbin:/usr/bin:/sbin:/bin:/usr/local/ucx/bin:/opt/nvidia/tao'), ('TRITON_SERVER_USER', 'triton-server'), ('PYTHONWARNINGS', 'ignore:::setuptools.command.install,ignore:::setuptools.command.easy_install,ignore:::pkg_resources'), ('MOFED_VERSION', '5.4-rdmacore36.0'), ('TRTOSS_VERSION', ''), ('DEBIAN_FRONTEND', 'noninteractive'), ('ROS_ROOT', '/opt/ros/humble'), ('ROS_DISTRO', 'humble'), ('TF_ADJUST_HUE_FUSED', '1'), ('TF_ADJUST_SATURATION_FUSED', '1'), ('SHARP_COLL_ENABLE_CUDA', '0'), ('RMW_IMPLEMENTATION', 'rmw_fastrtps_cpp'), ('_', '/usr/bin/env')]), 'shell': False}
[0.199882] (-) TimerEvent: {}
[0.229868] (qcar2_interfaces) StdoutLine: {'line': b'[  5%] Built target qcar2_interfaces__cpp\n'}
[0.230358] (qcar2_interfaces) StdoutLine: {'line': b'[ 12%] Built target qcar2_interfaces__rosidl_generator_c\n'}
[0.234805] (qcar2_interfaces) StdoutLine: {'line': b'[ 12%] Built target ament_cmake_python_copy_qcar2_interfaces\n'}
[0.247519] (qcar2_interfaces) StdoutLine: {'line': b'\x1b[35m\x1b[1mConsolidate compiler generated dependencies of target qcar2_interfaces__rosidl_typesupport_introspection_c\x1b[0m\n'}
[0.247840] (qcar2_interfaces) StdoutLine: {'line': b'\x1b[35m\x1b[1mConsolidate compiler generated dependencies of target qcar2_interfaces__rosidl_typesupport_cpp\x1b[0m\n'}
[0.247913] (qcar2_interfaces) StdoutLine: {'line': b'\x1b[35m\x1b[1mConsolidate compiler generated dependencies of target qcar2_interfaces__rosidl_typesupport_fastrtps_c\x1b[0m\n'}
[0.248015] (qcar2_interfaces) StdoutLine: {'line': b'\x1b[35m\x1b[1mConsolidate compiler generated dependencies of target qcar2_interfaces__rosidl_typesupport_fastrtps_cpp\x1b[0m\n'}
[0.248074] (qcar2_interfaces) StdoutLine: {'line': b'\x1b[35m\x1b[1mConsolidate compiler generated dependencies of target qcar2_interfaces__rosidl_typesupport_c\x1b[0m\n'}
[0.248129] (qcar2_interfaces) StdoutLine: {'line': b'\x1b[35m\x1b[1mConsolidate compiler generated dependencies of target qcar2_interfaces__rosidl_typesupport_introspection_cpp\x1b[0m\n'}
[0.265367] (qcar2_interfaces) StdoutLine: {'line': b'[ 33%] Built target qcar2_interfaces__rosidl_typesupport_c\n'}
[0.265742] (qcar2_interfaces) StdoutLine: {'line': b'[ 33%] Built target qcar2_interfaces__rosidl_typesupport_introspection_c\n'}
[0.265859] (qcar2_interfaces) StdoutLine: {'line': b'[ 43%] Built target qcar2_interfaces__rosidl_typesupport_fastrtps_c\n'}
[0.265962] (qcar2_interfaces) StdoutLine: {'line': b'[ 53%] Built target qcar2_interfaces__rosidl_typesupport_introspection_cpp\n'}
[0.267814] (qcar2_interfaces) StdoutLine: {'line': b'[ 74%] Built target qcar2_interfaces__rosidl_typesupport_cpp\n'}
[0.268015] (qcar2_interfaces) StdoutLine: {'line': b'[ 74%] Built target qcar2_interfaces__rosidl_typesupport_fastrtps_cpp\n'}
[0.299488] (qcar2_interfaces) StdoutLine: {'line': b'[ 74%] Built target qcar2_interfaces\n'}
[0.299930] (-) TimerEvent: {}
[0.332961] (qcar2_interfaces) StdoutLine: {'line': b'[ 76%] \x1b[34m\x1b[1mGenerating Python code for ROS interfaces\x1b[0m\n'}
[0.373600] (qcar2_interfaces) StderrLine: {'line': b'Traceback (most recent call last):\n'}
[0.374025] (qcar2_interfaces) StderrLine: {'line': b'  File "setup.py", line 1, in <module>\n'}
[0.374142] (qcar2_interfaces) StderrLine: {'line': b'    from setuptools import find_packages\n'}
[0.374229] (qcar2_interfaces) StderrLine: {'line': b'  File "/home/admin/.local/lib/python3.8/site-packages/setuptools/__init__.py", line 27, in <module>\n'}
[0.374301] (qcar2_interfaces) StderrLine: {'line': b'    from .dist import Distribution\n'}
[0.374365] (qcar2_interfaces) StderrLine: {'line': b'  File "/home/admin/.local/lib/python3.8/site-packages/setuptools/dist.py", line 30, in <module>\n'}
[0.374424] (qcar2_interfaces) StderrLine: {'line': b'    from . import (\n'}
[0.374482] (qcar2_interfaces) StderrLine: {'line': b'  File "/home/admin/.local/lib/python3.8/site-packages/setuptools/_entry_points.py", line 45, in <module>\n'}
[0.374540] (qcar2_interfaces) StderrLine: {'line': b'    def validate(eps: metadata.EntryPoints):\n'}
[0.374595] (qcar2_interfaces) StderrLine: {'line': b"AttributeError: module 'importlib_metadata' has no attribute 'EntryPoints'\n"}
[0.398976] (qcar2_interfaces) StderrLine: {'line': b'make[2]: *** [CMakeFiles/ament_cmake_python_build_qcar2_interfaces_egg.dir/build.make:70: CMakeFiles/ament_cmake_python_build_qcar2_interfaces_egg] Error 1\n'}
[0.399348] (qcar2_interfaces) StderrLine: {'line': b'make[1]: *** [CMakeFiles/Makefile2:447: CMakeFiles/ament_cmake_python_build_qcar2_interfaces_egg.dir/all] Error 2\n'}
[0.399438] (qcar2_interfaces) StderrLine: {'line': b'make[1]: *** Waiting for unfinished jobs....\n'}
[0.399998] (-) TimerEvent: {}
[0.500203] (-) TimerEvent: {}
[0.600478] (-) TimerEvent: {}
[0.700764] (-) TimerEvent: {}
[0.741830] (qcar2_interfaces) StdoutLine: {'line': b'[ 76%] Built target qcar2_interfaces__py\n'}
[0.742614] (qcar2_interfaces) StderrLine: {'line': b'make: *** [Makefile:146: all] Error 2\n'}
[0.744457] (qcar2_interfaces) CommandEnded: {'returncode': 2}
[0.800928] (-) TimerEvent: {}
[0.901422] (-) TimerEvent: {}
[1.001937] (-) TimerEvent: {}
[1.102266] (-) TimerEvent: {}
[1.202646] (-) TimerEvent: {}
[1.303081] (-) TimerEvent: {}
[1.403422] (-) TimerEvent: {}
[1.503752] (-) TimerEvent: {}
[1.604133] (-) TimerEvent: {}
[1.704392] (-) TimerEvent: {}
[1.725308] (qcar2_interfaces) JobEnded: {'identifier': 'qcar2_interfaces', 'rc': 2}
[1.735848] (qcar2_nodes) JobSkipped: {'identifier': 'qcar2_nodes'}
[1.735907] (-) EventReactorShutdown: {}
