[0.054s] Invoking command in '/workspaces/isaac_ros-dev/ros2/build/qcar2_interfaces': CMAKE_PREFIX_PATH=/opt/ros/humble /usr/bin/cmake --build /workspaces/isaac_ros-dev/ros2/build/qcar2_interfaces -- -j16 -l16
[0.095s] [  2%] Built target qcar2_interfaces__cpp
[0.095s] [ 12%] Built target qcar2_interfaces__rosidl_generator_c
[0.101s] [ 12%] Built target ament_cmake_python_copy_qcar2_interfaces
[0.112s] [ 28%] Built target qcar2_interfaces__rosidl_typesupport_introspection_c
[0.112s] [ 38%] Built target qcar2_interfaces__rosidl_typesupport_c
[0.112s] [ 43%] Built target qcar2_interfaces__rosidl_typesupport_fastrtps_c
[0.112s] [ 56%] Built target qcar2_interfaces__rosidl_typesupport_cpp
[0.112s] [ 64%] Built target qcar2_interfaces__rosidl_typesupport_fastrtps_cpp
[0.115s] [ 74%] Built target qcar2_interfaces__rosidl_typesupport_introspection_cpp
[0.130s] [ 74%] Built target qcar2_interfaces
[0.145s] [ 76%] Built target qcar2_interfaces__py
[0.160s] [ 82%] [32mBuilding C object CMakeFiles/qcar2_interfaces__rosidl_generator_py.dir/rosidl_generator_py/qcar2_interfaces/msg/_boolean_leds_s.c.o[0m
[0.160s] [ 82%] [32mBuilding C object CMakeFiles/qcar2_interfaces__rosidl_generator_py.dir/rosidl_generator_py/qcar2_interfaces/msg/_motor_commands_s.c.o[0m
[0.255s] [ 84%] [32m[1mLinking C shared library rosidl_generator_py/qcar2_interfaces/libqcar2_interfaces__rosidl_generator_py.so[0m
[0.288s] [ 84%] Built target qcar2_interfaces__rosidl_generator_py
[0.303s] [ 92%] [32mBuilding C object CMakeFiles/qcar2_interfaces__rosidl_typesupport_c__pyext.dir/rosidl_generator_py/qcar2_interfaces/_qcar2_interfaces_s.ep.rosidl_typesupport_c.c.o[0m
[0.303s] [ 92%] [32mBuilding C object CMakeFiles/qcar2_interfaces__rosidl_typesupport_fastrtps_c__pyext.dir/rosidl_generator_py/qcar2_interfaces/_qcar2_interfaces_s.ep.rosidl_typesupport_fastrtps_c.c.o[0m
[0.303s] [ 92%] [32mBuilding C object CMakeFiles/qcar2_interfaces__rosidl_typesupport_introspection_c__pyext.dir/rosidl_generator_py/qcar2_interfaces/_qcar2_interfaces_s.ep.rosidl_typesupport_introspection_c.c.o[0m
[0.384s] [ 94%] [32m[1mLinking C shared library rosidl_generator_py/qcar2_interfaces/qcar2_interfaces_s__rosidl_typesupport_c.cpython-38-x86_64-linux-gnu.so[0m
[0.386s] [ 97%] [32m[1mLinking C shared library rosidl_generator_py/qcar2_interfaces/qcar2_interfaces_s__rosidl_typesupport_introspection_c.cpython-38-x86_64-linux-gnu.so[0m
[0.398s] [100%] [32m[1mLinking C shared library rosidl_generator_py/qcar2_interfaces/qcar2_interfaces_s__rosidl_typesupport_fastrtps_c.cpython-38-x86_64-linux-gnu.so[0m
[0.412s] [100%] Built target qcar2_interfaces__rosidl_typesupport_c__pyext
[0.413s] [100%] Built target qcar2_interfaces__rosidl_typesupport_introspection_c__pyext
[0.421s] running egg_info
[0.422s] creating qcar2_interfaces.egg-info
[0.429s] [100%] Built target qcar2_interfaces__rosidl_typesupport_fastrtps_c__pyext
[0.434s] writing qcar2_interfaces.egg-info/PKG-INFO
[0.435s] writing dependency_links to qcar2_interfaces.egg-info/dependency_links.txt
[0.435s] writing top-level names to qcar2_interfaces.egg-info/top_level.txt
[0.435s] writing manifest file 'qcar2_interfaces.egg-info/SOURCES.txt'
[0.469s] reading manifest file 'qcar2_interfaces.egg-info/SOURCES.txt'
[0.470s] writing manifest file 'qcar2_interfaces.egg-info/SOURCES.txt'
[0.512s] [100%] Built target ament_cmake_python_build_qcar2_interfaces_egg
[0.520s] Invoked command in '/workspaces/isaac_ros-dev/ros2/build/qcar2_interfaces' returned '0': CMAKE_PREFIX_PATH=/opt/ros/humble /usr/bin/cmake --build /workspaces/isaac_ros-dev/ros2/build/qcar2_interfaces -- -j16 -l16
[0.685s] Invoking command in '/workspaces/isaac_ros-dev/ros2/build/qcar2_interfaces': CMAKE_PREFIX_PATH=/opt/ros/humble /usr/bin/cmake --install /workspaces/isaac_ros-dev/ros2/build/qcar2_interfaces
[0.691s] -- Install configuration: ""
[0.691s] -- Installing: /workspaces/isaac_ros-dev/ros2/install/qcar2_interfaces/share/ament_index/resource_index/rosidl_interfaces/qcar2_interfaces
[0.691s] -- Installing: /workspaces/isaac_ros-dev/ros2/install/qcar2_interfaces/include/qcar2_interfaces/qcar2_interfaces
[0.691s] -- Installing: /workspaces/isaac_ros-dev/ros2/install/qcar2_interfaces/include/qcar2_interfaces/qcar2_interfaces/msg
[0.691s] -- Installing: /workspaces/isaac_ros-dev/ros2/install/qcar2_interfaces/include/qcar2_interfaces/qcar2_interfaces/msg/motor_commands.h
[0.691s] -- Installing: /workspaces/isaac_ros-dev/ros2/install/qcar2_interfaces/include/qcar2_interfaces/qcar2_interfaces/msg/detail
[0.691s] -- Installing: /workspaces/isaac_ros-dev/ros2/install/qcar2_interfaces/include/qcar2_interfaces/qcar2_interfaces/msg/detail/motor_commands__functions.h
[0.692s] -- Installing: /workspaces/isaac_ros-dev/ros2/install/qcar2_interfaces/include/qcar2_interfaces/qcar2_interfaces/msg/detail/motor_commands__struct.h
[0.692s] -- Installing: /workspaces/isaac_ros-dev/ros2/install/qcar2_interfaces/include/qcar2_interfaces/qcar2_interfaces/msg/detail/boolean_leds__struct.h
[0.692s] -- Installing: /workspaces/isaac_ros-dev/ros2/install/qcar2_interfaces/include/qcar2_interfaces/qcar2_interfaces/msg/detail/motor_commands__functions.c
[0.692s] -- Installing: /workspaces/isaac_ros-dev/ros2/install/qcar2_interfaces/include/qcar2_interfaces/qcar2_interfaces/msg/detail/boolean_leds__functions.c
[0.692s] -- Installing: /workspaces/isaac_ros-dev/ros2/install/qcar2_interfaces/include/qcar2_interfaces/qcar2_interfaces/msg/detail/motor_commands__type_support.h
[0.692s] -- Installing: /workspaces/isaac_ros-dev/ros2/install/qcar2_interfaces/include/qcar2_interfaces/qcar2_interfaces/msg/detail/boolean_leds__functions.h
[0.693s] -- Installing: /workspaces/isaac_ros-dev/ros2/install/qcar2_interfaces/include/qcar2_interfaces/qcar2_interfaces/msg/detail/boolean_leds__type_support.h
[0.693s] -- Installing: /workspaces/isaac_ros-dev/ros2/install/qcar2_interfaces/include/qcar2_interfaces/qcar2_interfaces/msg/boolean_leds.h
[0.693s] -- Installing: /workspaces/isaac_ros-dev/ros2/install/qcar2_interfaces/include/qcar2_interfaces/qcar2_interfaces/msg/rosidl_generator_c__visibility_control.h
[0.693s] -- Installing: /workspaces/isaac_ros-dev/ros2/install/qcar2_interfaces/share/qcar2_interfaces/environment/library_path.sh
[0.693s] -- Installing: /workspaces/isaac_ros-dev/ros2/install/qcar2_interfaces/share/qcar2_interfaces/environment/library_path.dsv
[0.694s] -- Installing: /workspaces/isaac_ros-dev/ros2/install/qcar2_interfaces/lib/libqcar2_interfaces__rosidl_generator_c.so
[0.694s] -- Set runtime path of "/workspaces/isaac_ros-dev/ros2/install/qcar2_interfaces/lib/libqcar2_interfaces__rosidl_generator_c.so" to ""
[0.694s] -- Up-to-date: /workspaces/isaac_ros-dev/ros2/install/qcar2_interfaces/include/qcar2_interfaces/qcar2_interfaces
[0.694s] -- Up-to-date: /workspaces/isaac_ros-dev/ros2/install/qcar2_interfaces/include/qcar2_interfaces/qcar2_interfaces/msg
[0.694s] -- Up-to-date: /workspaces/isaac_ros-dev/ros2/install/qcar2_interfaces/include/qcar2_interfaces/qcar2_interfaces/msg/detail
[0.694s] -- Installing: /workspaces/isaac_ros-dev/ros2/install/qcar2_interfaces/include/qcar2_interfaces/qcar2_interfaces/msg/detail/boolean_leds__rosidl_typesupport_fastrtps_c.h
[0.694s] -- Installing: /workspaces/isaac_ros-dev/ros2/install/qcar2_interfaces/include/qcar2_interfaces/qcar2_interfaces/msg/detail/motor_commands__rosidl_typesupport_fastrtps_c.h
[0.694s] -- Installing: /workspaces/isaac_ros-dev/ros2/install/qcar2_interfaces/include/qcar2_interfaces/qcar2_interfaces/msg/rosidl_typesupport_fastrtps_c__visibility_control.h
[0.695s] -- Installing: /workspaces/isaac_ros-dev/ros2/install/qcar2_interfaces/lib/libqcar2_interfaces__rosidl_typesupport_fastrtps_c.so
[0.695s] -- Set runtime path of "/workspaces/isaac_ros-dev/ros2/install/qcar2_interfaces/lib/libqcar2_interfaces__rosidl_typesupport_fastrtps_c.so" to ""
[0.695s] -- Up-to-date: /workspaces/isaac_ros-dev/ros2/install/qcar2_interfaces/include/qcar2_interfaces/qcar2_interfaces
[0.695s] -- Up-to-date: /workspaces/isaac_ros-dev/ros2/install/qcar2_interfaces/include/qcar2_interfaces/qcar2_interfaces/msg
[0.695s] -- Installing: /workspaces/isaac_ros-dev/ros2/install/qcar2_interfaces/include/qcar2_interfaces/qcar2_interfaces/msg/rosidl_typesupport_introspection_c__visibility_control.h
[0.695s] -- Up-to-date: /workspaces/isaac_ros-dev/ros2/install/qcar2_interfaces/include/qcar2_interfaces/qcar2_interfaces/msg/detail
[0.695s] -- Installing: /workspaces/isaac_ros-dev/ros2/install/qcar2_interfaces/include/qcar2_interfaces/qcar2_interfaces/msg/detail/motor_commands__rosidl_typesupport_introspection_c.h
[0.695s] -- Installing: /workspaces/isaac_ros-dev/ros2/install/qcar2_interfaces/include/qcar2_interfaces/qcar2_interfaces/msg/detail/boolean_leds__rosidl_typesupport_introspection_c.h
[0.695s] -- Installing: /workspaces/isaac_ros-dev/ros2/install/qcar2_interfaces/include/qcar2_interfaces/qcar2_interfaces/msg/detail/motor_commands__type_support.c
[0.696s] -- Installing: /workspaces/isaac_ros-dev/ros2/install/qcar2_interfaces/include/qcar2_interfaces/qcar2_interfaces/msg/detail/boolean_leds__type_support.c
[0.696s] -- Installing: /workspaces/isaac_ros-dev/ros2/install/qcar2_interfaces/lib/libqcar2_interfaces__rosidl_typesupport_introspection_c.so
[0.696s] -- Set runtime path of "/workspaces/isaac_ros-dev/ros2/install/qcar2_interfaces/lib/libqcar2_interfaces__rosidl_typesupport_introspection_c.so" to ""
[0.696s] -- Installing: /workspaces/isaac_ros-dev/ros2/install/qcar2_interfaces/lib/libqcar2_interfaces__rosidl_typesupport_c.so
[0.696s] -- Set runtime path of "/workspaces/isaac_ros-dev/ros2/install/qcar2_interfaces/lib/libqcar2_interfaces__rosidl_typesupport_c.so" to ""
[0.696s] -- Up-to-date: /workspaces/isaac_ros-dev/ros2/install/qcar2_interfaces/include/qcar2_interfaces/qcar2_interfaces
[0.696s] -- Up-to-date: /workspaces/isaac_ros-dev/ros2/install/qcar2_interfaces/include/qcar2_interfaces/qcar2_interfaces/msg
[0.697s] -- Installing: /workspaces/isaac_ros-dev/ros2/install/qcar2_interfaces/include/qcar2_interfaces/qcar2_interfaces/msg/boolean_leds.hpp
[0.697s] -- Installing: /workspaces/isaac_ros-dev/ros2/install/qcar2_interfaces/include/qcar2_interfaces/qcar2_interfaces/msg/motor_commands.hpp
[0.697s] -- Up-to-date: /workspaces/isaac_ros-dev/ros2/install/qcar2_interfaces/include/qcar2_interfaces/qcar2_interfaces/msg/detail
[0.697s] -- Installing: /workspaces/isaac_ros-dev/ros2/install/qcar2_interfaces/include/qcar2_interfaces/qcar2_interfaces/msg/detail/boolean_leds__struct.hpp
[0.697s] -- Installing: /workspaces/isaac_ros-dev/ros2/install/qcar2_interfaces/include/qcar2_interfaces/qcar2_interfaces/msg/detail/boolean_leds__builder.hpp
[0.697s] -- Installing: /workspaces/isaac_ros-dev/ros2/install/qcar2_interfaces/include/qcar2_interfaces/qcar2_interfaces/msg/detail/motor_commands__traits.hpp
[0.697s] -- Installing: /workspaces/isaac_ros-dev/ros2/install/qcar2_interfaces/include/qcar2_interfaces/qcar2_interfaces/msg/detail/motor_commands__struct.hpp
[0.697s] -- Installing: /workspaces/isaac_ros-dev/ros2/install/qcar2_interfaces/include/qcar2_interfaces/qcar2_interfaces/msg/detail/motor_commands__builder.hpp
[0.698s] -- Installing: /workspaces/isaac_ros-dev/ros2/install/qcar2_interfaces/include/qcar2_interfaces/qcar2_interfaces/msg/detail/boolean_leds__traits.hpp
[0.698s] -- Up-to-date: /workspaces/isaac_ros-dev/ros2/install/qcar2_interfaces/include/qcar2_interfaces/qcar2_interfaces
[0.698s] -- Up-to-date: /workspaces/isaac_ros-dev/ros2/install/qcar2_interfaces/include/qcar2_interfaces/qcar2_interfaces/msg
[0.698s] -- Up-to-date: /workspaces/isaac_ros-dev/ros2/install/qcar2_interfaces/include/qcar2_interfaces/qcar2_interfaces/msg/detail
[0.698s] -- Installing: /workspaces/isaac_ros-dev/ros2/install/qcar2_interfaces/include/qcar2_interfaces/qcar2_interfaces/msg/detail/motor_commands__rosidl_typesupport_fastrtps_cpp.hpp
[0.698s] -- Installing: /workspaces/isaac_ros-dev/ros2/install/qcar2_interfaces/include/qcar2_interfaces/qcar2_interfaces/msg/detail/dds_fastrtps
[0.698s] -- Installing: /workspaces/isaac_ros-dev/ros2/install/qcar2_interfaces/include/qcar2_interfaces/qcar2_interfaces/msg/detail/boolean_leds__rosidl_typesupport_fastrtps_cpp.hpp
[0.698s] -- Installing: /workspaces/isaac_ros-dev/ros2/install/qcar2_interfaces/include/qcar2_interfaces/qcar2_interfaces/msg/rosidl_typesupport_fastrtps_cpp__visibility_control.h
[0.699s] -- Installing: /workspaces/isaac_ros-dev/ros2/install/qcar2_interfaces/lib/libqcar2_interfaces__rosidl_typesupport_fastrtps_cpp.so
[0.699s] -- Set runtime path of "/workspaces/isaac_ros-dev/ros2/install/qcar2_interfaces/lib/libqcar2_interfaces__rosidl_typesupport_fastrtps_cpp.so" to ""
[0.699s] -- Up-to-date: /workspaces/isaac_ros-dev/ros2/install/qcar2_interfaces/include/qcar2_interfaces/qcar2_interfaces
[0.699s] -- Up-to-date: /workspaces/isaac_ros-dev/ros2/install/qcar2_interfaces/include/qcar2_interfaces/qcar2_interfaces/msg
[0.699s] -- Up-to-date: /workspaces/isaac_ros-dev/ros2/install/qcar2_interfaces/include/qcar2_interfaces/qcar2_interfaces/msg/detail
[0.699s] -- Installing: /workspaces/isaac_ros-dev/ros2/install/qcar2_interfaces/include/qcar2_interfaces/qcar2_interfaces/msg/detail/boolean_leds__rosidl_typesupport_introspection_cpp.hpp
[0.699s] -- Installing: /workspaces/isaac_ros-dev/ros2/install/qcar2_interfaces/include/qcar2_interfaces/qcar2_interfaces/msg/detail/motor_commands__rosidl_typesupport_introspection_cpp.hpp
[0.699s] -- Installing: /workspaces/isaac_ros-dev/ros2/install/qcar2_interfaces/include/qcar2_interfaces/qcar2_interfaces/msg/detail/motor_commands__type_support.cpp
[0.700s] -- Installing: /workspaces/isaac_ros-dev/ros2/install/qcar2_interfaces/include/qcar2_interfaces/qcar2_interfaces/msg/detail/boolean_leds__type_support.cpp
[0.700s] -- Installing: /workspaces/isaac_ros-dev/ros2/install/qcar2_interfaces/lib/libqcar2_interfaces__rosidl_typesupport_introspection_cpp.so
[0.700s] -- Set runtime path of "/workspaces/isaac_ros-dev/ros2/install/qcar2_interfaces/lib/libqcar2_interfaces__rosidl_typesupport_introspection_cpp.so" to ""
[0.700s] -- Installing: /workspaces/isaac_ros-dev/ros2/install/qcar2_interfaces/lib/libqcar2_interfaces__rosidl_typesupport_cpp.so
[0.701s] -- Set runtime path of "/workspaces/isaac_ros-dev/ros2/install/qcar2_interfaces/lib/libqcar2_interfaces__rosidl_typesupport_cpp.so" to ""
[0.701s] -- Installing: /workspaces/isaac_ros-dev/ros2/install/qcar2_interfaces/share/qcar2_interfaces/environment/pythonpath.sh
[0.701s] -- Installing: /workspaces/isaac_ros-dev/ros2/install/qcar2_interfaces/share/qcar2_interfaces/environment/pythonpath.dsv
[0.701s] -- Installing: /workspaces/isaac_ros-dev/ros2/install/qcar2_interfaces/lib/python3.8/site-packages/qcar2_interfaces-0.0.0-py3.8.egg-info
[0.701s] -- Installing: /workspaces/isaac_ros-dev/ros2/install/qcar2_interfaces/lib/python3.8/site-packages/qcar2_interfaces-0.0.0-py3.8.egg-info/dependency_links.txt
[0.701s] -- Installing: /workspaces/isaac_ros-dev/ros2/install/qcar2_interfaces/lib/python3.8/site-packages/qcar2_interfaces-0.0.0-py3.8.egg-info/SOURCES.txt
[0.702s] -- Installing: /workspaces/isaac_ros-dev/ros2/install/qcar2_interfaces/lib/python3.8/site-packages/qcar2_interfaces-0.0.0-py3.8.egg-info/PKG-INFO
[0.702s] -- Installing: /workspaces/isaac_ros-dev/ros2/install/qcar2_interfaces/lib/python3.8/site-packages/qcar2_interfaces-0.0.0-py3.8.egg-info/top_level.txt
[0.702s] -- Installing: /workspaces/isaac_ros-dev/ros2/install/qcar2_interfaces/lib/python3.8/site-packages/qcar2_interfaces
[0.702s] -- Installing: /workspaces/isaac_ros-dev/ros2/install/qcar2_interfaces/lib/python3.8/site-packages/qcar2_interfaces/qcar2_interfaces_s__rosidl_typesupport_c.cpython-38-x86_64-linux-gnu.so
[0.702s] -- Installing: /workspaces/isaac_ros-dev/ros2/install/qcar2_interfaces/lib/python3.8/site-packages/qcar2_interfaces/qcar2_interfaces_s__rosidl_typesupport_fastrtps_c.cpython-38-x86_64-linux-gnu.so
[0.703s] -- Installing: /workspaces/isaac_ros-dev/ros2/install/qcar2_interfaces/lib/python3.8/site-packages/qcar2_interfaces/_qcar2_interfaces_s.ep.rosidl_typesupport_c.c
[0.703s] -- Installing: /workspaces/isaac_ros-dev/ros2/install/qcar2_interfaces/lib/python3.8/site-packages/qcar2_interfaces/_qcar2_interfaces_s.ep.rosidl_typesupport_introspection_c.c
[0.703s] -- Installing: /workspaces/isaac_ros-dev/ros2/install/qcar2_interfaces/lib/python3.8/site-packages/qcar2_interfaces/__init__.py
[0.703s] -- Installing: /workspaces/isaac_ros-dev/ros2/install/qcar2_interfaces/lib/python3.8/site-packages/qcar2_interfaces/_qcar2_interfaces_s.ep.rosidl_typesupport_fastrtps_c.c
[0.703s] -- Installing: /workspaces/isaac_ros-dev/ros2/install/qcar2_interfaces/lib/python3.8/site-packages/qcar2_interfaces/qcar2_interfaces_s__rosidl_typesupport_introspection_c.cpython-38-x86_64-linux-gnu.so
[0.703s] -- Installing: /workspaces/isaac_ros-dev/ros2/install/qcar2_interfaces/lib/python3.8/site-packages/qcar2_interfaces/msg
[0.703s] -- Installing: /workspaces/isaac_ros-dev/ros2/install/qcar2_interfaces/lib/python3.8/site-packages/qcar2_interfaces/msg/_motor_commands.py
[0.704s] -- Installing: /workspaces/isaac_ros-dev/ros2/install/qcar2_interfaces/lib/python3.8/site-packages/qcar2_interfaces/msg/_boolean_leds_s.c
[0.704s] -- Installing: /workspaces/isaac_ros-dev/ros2/install/qcar2_interfaces/lib/python3.8/site-packages/qcar2_interfaces/msg/__init__.py
[0.704s] -- Installing: /workspaces/isaac_ros-dev/ros2/install/qcar2_interfaces/lib/python3.8/site-packages/qcar2_interfaces/msg/_motor_commands_s.c
[0.704s] -- Installing: /workspaces/isaac_ros-dev/ros2/install/qcar2_interfaces/lib/python3.8/site-packages/qcar2_interfaces/msg/_boolean_leds.py
[0.704s] -- Installing: /workspaces/isaac_ros-dev/ros2/install/qcar2_interfaces/lib/python3.8/site-packages/qcar2_interfaces/libqcar2_interfaces__rosidl_generator_py.so
[0.734s] Listing '/workspaces/isaac_ros-dev/ros2/install/qcar2_interfaces/lib/python3.8/site-packages/qcar2_interfaces'...
[0.734s] Compiling '/workspaces/isaac_ros-dev/ros2/install/qcar2_interfaces/lib/python3.8/site-packages/qcar2_interfaces/__init__.py'...
[0.734s] Listing '/workspaces/isaac_ros-dev/ros2/install/qcar2_interfaces/lib/python3.8/site-packages/qcar2_interfaces/msg'...
[0.735s] Compiling '/workspaces/isaac_ros-dev/ros2/install/qcar2_interfaces/lib/python3.8/site-packages/qcar2_interfaces/msg/__init__.py'...
[0.735s] Compiling '/workspaces/isaac_ros-dev/ros2/install/qcar2_interfaces/lib/python3.8/site-packages/qcar2_interfaces/msg/_boolean_leds.py'...
[0.735s] Compiling '/workspaces/isaac_ros-dev/ros2/install/qcar2_interfaces/lib/python3.8/site-packages/qcar2_interfaces/msg/_motor_commands.py'...
[0.739s] -- Installing: /workspaces/isaac_ros-dev/ros2/install/qcar2_interfaces/lib/python3.8/site-packages/qcar2_interfaces/qcar2_interfaces_s__rosidl_typesupport_fastrtps_c.cpython-38-x86_64-linux-gnu.so
[0.739s] -- Set runtime path of "/workspaces/isaac_ros-dev/ros2/install/qcar2_interfaces/lib/python3.8/site-packages/qcar2_interfaces/qcar2_interfaces_s__rosidl_typesupport_fastrtps_c.cpython-38-x86_64-linux-gnu.so" to ""
[0.739s] -- Installing: /workspaces/isaac_ros-dev/ros2/install/qcar2_interfaces/lib/python3.8/site-packages/qcar2_interfaces/qcar2_interfaces_s__rosidl_typesupport_introspection_c.cpython-38-x86_64-linux-gnu.so
[0.739s] -- Set runtime path of "/workspaces/isaac_ros-dev/ros2/install/qcar2_interfaces/lib/python3.8/site-packages/qcar2_interfaces/qcar2_interfaces_s__rosidl_typesupport_introspection_c.cpython-38-x86_64-linux-gnu.so" to ""
[0.740s] -- Installing: /workspaces/isaac_ros-dev/ros2/install/qcar2_interfaces/lib/python3.8/site-packages/qcar2_interfaces/qcar2_interfaces_s__rosidl_typesupport_c.cpython-38-x86_64-linux-gnu.so
[0.740s] -- Set runtime path of "/workspaces/isaac_ros-dev/ros2/install/qcar2_interfaces/lib/python3.8/site-packages/qcar2_interfaces/qcar2_interfaces_s__rosidl_typesupport_c.cpython-38-x86_64-linux-gnu.so" to ""
[0.740s] -- Installing: /workspaces/isaac_ros-dev/ros2/install/qcar2_interfaces/lib/libqcar2_interfaces__rosidl_generator_py.so
[0.740s] -- Set runtime path of "/workspaces/isaac_ros-dev/ros2/install/qcar2_interfaces/lib/libqcar2_interfaces__rosidl_generator_py.so" to ""
[0.740s] -- Installing: /workspaces/isaac_ros-dev/ros2/install/qcar2_interfaces/share/qcar2_interfaces/msg/MotorCommands.idl
[0.740s] -- Installing: /workspaces/isaac_ros-dev/ros2/install/qcar2_interfaces/share/qcar2_interfaces/msg/BooleanLeds.idl
[0.741s] -- Installing: /workspaces/isaac_ros-dev/ros2/install/qcar2_interfaces/share/qcar2_interfaces/msg/MotorCommands.msg
[0.741s] -- Installing: /workspaces/isaac_ros-dev/ros2/install/qcar2_interfaces/share/qcar2_interfaces/msg/BooleanLeds.msg
[0.741s] -- Installing: /workspaces/isaac_ros-dev/ros2/install/qcar2_interfaces/share/ament_index/resource_index/package_run_dependencies/qcar2_interfaces
[0.742s] -- Installing: /workspaces/isaac_ros-dev/ros2/install/qcar2_interfaces/share/ament_index/resource_index/parent_prefix_path/qcar2_interfaces
[0.742s] -- Installing: /workspaces/isaac_ros-dev/ros2/install/qcar2_interfaces/share/qcar2_interfaces/environment/ament_prefix_path.sh
[0.742s] -- Installing: /workspaces/isaac_ros-dev/ros2/install/qcar2_interfaces/share/qcar2_interfaces/environment/ament_prefix_path.dsv
[0.742s] -- Installing: /workspaces/isaac_ros-dev/ros2/install/qcar2_interfaces/share/qcar2_interfaces/environment/path.sh
[0.742s] -- Installing: /workspaces/isaac_ros-dev/ros2/install/qcar2_interfaces/share/qcar2_interfaces/environment/path.dsv
[0.743s] -- Installing: /workspaces/isaac_ros-dev/ros2/install/qcar2_interfaces/share/qcar2_interfaces/local_setup.bash
[0.743s] -- Installing: /workspaces/isaac_ros-dev/ros2/install/qcar2_interfaces/share/qcar2_interfaces/local_setup.sh
[0.743s] -- Installing: /workspaces/isaac_ros-dev/ros2/install/qcar2_interfaces/share/qcar2_interfaces/local_setup.zsh
[0.743s] -- Installing: /workspaces/isaac_ros-dev/ros2/install/qcar2_interfaces/share/qcar2_interfaces/local_setup.dsv
[0.743s] -- Installing: /workspaces/isaac_ros-dev/ros2/install/qcar2_interfaces/share/qcar2_interfaces/package.dsv
[0.744s] -- Installing: /workspaces/isaac_ros-dev/ros2/install/qcar2_interfaces/share/ament_index/resource_index/packages/qcar2_interfaces
[0.744s] -- Installing: /workspaces/isaac_ros-dev/ros2/install/qcar2_interfaces/share/qcar2_interfaces/cmake/export_qcar2_interfaces__rosidl_generator_cExport.cmake
[0.744s] -- Installing: /workspaces/isaac_ros-dev/ros2/install/qcar2_interfaces/share/qcar2_interfaces/cmake/export_qcar2_interfaces__rosidl_generator_cExport-noconfig.cmake
[0.744s] -- Installing: /workspaces/isaac_ros-dev/ros2/install/qcar2_interfaces/share/qcar2_interfaces/cmake/export_qcar2_interfaces__rosidl_typesupport_fastrtps_cExport.cmake
[0.745s] -- Installing: /workspaces/isaac_ros-dev/ros2/install/qcar2_interfaces/share/qcar2_interfaces/cmake/export_qcar2_interfaces__rosidl_typesupport_fastrtps_cExport-noconfig.cmake
[0.745s] -- Installing: /workspaces/isaac_ros-dev/ros2/install/qcar2_interfaces/share/qcar2_interfaces/cmake/qcar2_interfaces__rosidl_typesupport_introspection_cExport.cmake
[0.745s] -- Installing: /workspaces/isaac_ros-dev/ros2/install/qcar2_interfaces/share/qcar2_interfaces/cmake/qcar2_interfaces__rosidl_typesupport_introspection_cExport-noconfig.cmake
[0.745s] -- Installing: /workspaces/isaac_ros-dev/ros2/install/qcar2_interfaces/share/qcar2_interfaces/cmake/qcar2_interfaces__rosidl_typesupport_cExport.cmake
[0.745s] -- Installing: /workspaces/isaac_ros-dev/ros2/install/qcar2_interfaces/share/qcar2_interfaces/cmake/qcar2_interfaces__rosidl_typesupport_cExport-noconfig.cmake
[0.745s] -- Installing: /workspaces/isaac_ros-dev/ros2/install/qcar2_interfaces/share/qcar2_interfaces/cmake/export_qcar2_interfaces__rosidl_generator_cppExport.cmake
[0.746s] -- Installing: /workspaces/isaac_ros-dev/ros2/install/qcar2_interfaces/share/qcar2_interfaces/cmake/export_qcar2_interfaces__rosidl_typesupport_fastrtps_cppExport.cmake
[0.746s] -- Installing: /workspaces/isaac_ros-dev/ros2/install/qcar2_interfaces/share/qcar2_interfaces/cmake/export_qcar2_interfaces__rosidl_typesupport_fastrtps_cppExport-noconfig.cmake
[0.746s] -- Installing: /workspaces/isaac_ros-dev/ros2/install/qcar2_interfaces/share/qcar2_interfaces/cmake/qcar2_interfaces__rosidl_typesupport_introspection_cppExport.cmake
[0.746s] -- Installing: /workspaces/isaac_ros-dev/ros2/install/qcar2_interfaces/share/qcar2_interfaces/cmake/qcar2_interfaces__rosidl_typesupport_introspection_cppExport-noconfig.cmake
[0.746s] -- Installing: /workspaces/isaac_ros-dev/ros2/install/qcar2_interfaces/share/qcar2_interfaces/cmake/qcar2_interfaces__rosidl_typesupport_cppExport.cmake
[0.746s] -- Installing: /workspaces/isaac_ros-dev/ros2/install/qcar2_interfaces/share/qcar2_interfaces/cmake/qcar2_interfaces__rosidl_typesupport_cppExport-noconfig.cmake
[0.746s] -- Installing: /workspaces/isaac_ros-dev/ros2/install/qcar2_interfaces/share/qcar2_interfaces/cmake/export_qcar2_interfaces__rosidl_generator_pyExport.cmake
[0.747s] -- Installing: /workspaces/isaac_ros-dev/ros2/install/qcar2_interfaces/share/qcar2_interfaces/cmake/export_qcar2_interfaces__rosidl_generator_pyExport-noconfig.cmake
[0.747s] -- Installing: /workspaces/isaac_ros-dev/ros2/install/qcar2_interfaces/share/qcar2_interfaces/cmake/rosidl_cmake-extras.cmake
[0.747s] -- Installing: /workspaces/isaac_ros-dev/ros2/install/qcar2_interfaces/share/qcar2_interfaces/cmake/ament_cmake_export_include_directories-extras.cmake
[0.747s] -- Installing: /workspaces/isaac_ros-dev/ros2/install/qcar2_interfaces/share/qcar2_interfaces/cmake/ament_cmake_export_libraries-extras.cmake
[0.747s] -- Installing: /workspaces/isaac_ros-dev/ros2/install/qcar2_interfaces/share/qcar2_interfaces/cmake/ament_cmake_export_targets-extras.cmake
[0.747s] -- Installing: /workspaces/isaac_ros-dev/ros2/install/qcar2_interfaces/share/qcar2_interfaces/cmake/rosidl_cmake_export_typesupport_targets-extras.cmake
[0.748s] -- Installing: /workspaces/isaac_ros-dev/ros2/install/qcar2_interfaces/share/qcar2_interfaces/cmake/ament_cmake_export_dependencies-extras.cmake
[0.748s] -- Installing: /workspaces/isaac_ros-dev/ros2/install/qcar2_interfaces/share/qcar2_interfaces/cmake/rosidl_cmake_export_typesupport_libraries-extras.cmake
[0.748s] -- Installing: /workspaces/isaac_ros-dev/ros2/install/qcar2_interfaces/share/qcar2_interfaces/cmake/qcar2_interfacesConfig.cmake
[0.748s] -- Installing: /workspaces/isaac_ros-dev/ros2/install/qcar2_interfaces/share/qcar2_interfaces/cmake/qcar2_interfacesConfig-version.cmake
[0.748s] -- Installing: /workspaces/isaac_ros-dev/ros2/install/qcar2_interfaces/share/qcar2_interfaces/package.xml
[0.750s] Invoked command in '/workspaces/isaac_ros-dev/ros2/build/qcar2_interfaces' returned '0': CMAKE_PREFIX_PATH=/opt/ros/humble /usr/bin/cmake --install /workspaces/isaac_ros-dev/ros2/build/qcar2_interfaces
