[0.072s] Invoking command in '/workspaces/isaac_ros-dev/ros2/build/qcar2_nodes': AMENT_PREFIX_PATH=/workspaces/isaac_ros-dev/ros2/install/qcar2_interfaces:${AMENT_PREFIX_PATH} CMAKE_PREFIX_PATH=/workspaces/isaac_ros-dev/ros2/install/qcar2_interfaces:/opt/ros/humble LD_LIBRARY_PATH=/workspaces/isaac_ros-dev/ros2/install/qcar2_interfaces/lib:${LD_LIBRARY_PATH} PYTHONPATH=/workspaces/isaac_ros-dev/ros2/install/qcar2_interfaces/lib/python3.8/site-packages:${PYTHONPATH} /usr/bin/cmake /workspaces/isaac_ros-dev/ros2/src/qcar2_nodes -DCMAKE_INSTALL_PREFIX=/workspaces/isaac_ros-dev/ros2/install/qcar2_nodes
[0.129s] -- The C compiler identification is GNU 9.4.0
[0.187s] -- The CXX compiler identification is GNU 9.4.0
[0.194s] -- Detecting C compiler ABI info
[0.255s] -- Detecting C compiler ABI info - done
[0.261s] -- Check for working C compiler: /usr/bin/cc - skipped
[0.261s] -- Detecting C compile features
[0.262s] -- Detecting C compile features - done
[0.265s] -- Detecting CXX compiler ABI info
[0.336s] -- Detecting CXX compiler ABI info - done
[0.342s] -- Check for working CXX compiler: /usr/bin/c++ - skipped
[0.342s] -- Detecting CXX compile features
[0.342s] -- Detecting CXX compile features - done
[0.346s] -- Found ament_cmake: 1.3.5 (/opt/ros/humble/share/ament_cmake/cmake)
[1.040s] -- Found Python3: /usr/bin/python3.8 (found version "3.8.10") found components: Interpreter 
[1.127s] -- Found cv_bridge: 3.2.1 (/opt/ros/humble/share/cv_bridge/cmake)
[1.183s] -- Found rosidl_generator_c: 3.1.5 (/opt/ros/humble/share/rosidl_generator_c/cmake)
[1.189s] -- Found rosidl_adapter: 3.1.5 (/opt/ros/humble/share/rosidl_adapter/cmake)
[1.198s] -- Found rosidl_generator_cpp: 3.1.5 (/opt/ros/humble/share/rosidl_generator_cpp/cmake)
[1.211s] -- Using all available rosidl_typesupport_c: rosidl_typesupport_fastrtps_c;rosidl_typesupport_introspection_c
[1.230s] -- Using all available rosidl_typesupport_cpp: rosidl_typesupport_fastrtps_cpp;rosidl_typesupport_introspection_cpp
[1.408s] -- Found image_transport: 3.1.9 (/opt/ros/humble/share/image_transport/cmake)
[1.473s] -- Found rmw_implementation_cmake: 6.1.1 (/opt/ros/humble/share/rmw_implementation_cmake/cmake)
[1.476s] -- Found rmw_fastrtps_cpp: 6.2.4 (/opt/ros/humble/share/rmw_fastrtps_cpp/cmake)
[1.651s] -- Found OpenSSL: /usr/lib/x86_64-linux-gnu/libcrypto.so (found version "1.1.1f")  
[1.699s] -- Found FastRTPS: /opt/ros/humble/include  
[1.780s] -- Using RMW implementation 'rmw_fastrtps_cpp' as default
[1.794s] -- Looking for pthread.h
[1.859s] -- Looking for pthread.h - found
[1.859s] -- Performing Test CMAKE_HAVE_LIBC_PTHREAD
[1.927s] -- Performing Test CMAKE_HAVE_LIBC_PTHREAD - Failed
[1.927s] -- Looking for pthread_create in pthreads
[1.979s] -- Looking for pthread_create in pthreads - not found
[1.980s] -- Looking for pthread_create in pthread
[2.042s] -- Looking for pthread_create in pthread - found
[2.043s] -- Found Threads: TRUE  
[2.209s] -- Found OpenCV: /usr (found version "4.2.0") found components: highgui imgcodecs imgproc videoio 
[2.211s] -- Found control_msgs: 4.5.0 (/opt/ros/humble/share/control_msgs/cmake)
[2.483s] -- Found qcar2_interfaces: 0.0.0 (/workspaces/isaac_ros-dev/ros2/install/qcar2_interfaces/share/qcar2_interfaces/cmake)
[2.496s] -- Found tf2_ros: 0.25.4 (/opt/ros/humble/share/tf2_ros/cmake)
[2.730s] -- Found ament_lint_auto: 0.12.8 (/opt/ros/humble/share/ament_lint_auto/cmake)
[2.802s] -- Added test 'cppcheck' to perform static code analysis on C / C++ code
[2.802s] -- Configured cppcheck include dirs: 
[2.802s] -- Configured cppcheck exclude dirs and/or files: 
[2.803s] -- Added test 'flake8' to check Python code syntax and style conventions
[2.804s] -- Added test 'lint_cmake' to check CMake code style
[2.804s] -- Added test 'pep257' to check Python code against some of the docstring style conventions in PEP 257
[2.806s] -- Added test 'uncrustify' to check C / C++ code style
[2.806s] -- Configured uncrustify additional arguments: 
[2.807s] -- Added test 'xmllint' to check XML markup files
[2.808s] -- Configuring done
[2.854s] -- Generating done
[2.856s] -- Build files have been written to: /workspaces/isaac_ros-dev/ros2/build/qcar2_nodes
[2.869s] Invoked command in '/workspaces/isaac_ros-dev/ros2/build/qcar2_nodes' returned '0': AMENT_PREFIX_PATH=/workspaces/isaac_ros-dev/ros2/install/qcar2_interfaces:${AMENT_PREFIX_PATH} CMAKE_PREFIX_PATH=/workspaces/isaac_ros-dev/ros2/install/qcar2_interfaces:/opt/ros/humble LD_LIBRARY_PATH=/workspaces/isaac_ros-dev/ros2/install/qcar2_interfaces/lib:${LD_LIBRARY_PATH} PYTHONPATH=/workspaces/isaac_ros-dev/ros2/install/qcar2_interfaces/lib/python3.8/site-packages:${PYTHONPATH} /usr/bin/cmake /workspaces/isaac_ros-dev/ros2/src/qcar2_nodes -DCMAKE_INSTALL_PREFIX=/workspaces/isaac_ros-dev/ros2/install/qcar2_nodes
[2.872s] Invoking command in '/workspaces/isaac_ros-dev/ros2/build/qcar2_nodes': AMENT_PREFIX_PATH=/workspaces/isaac_ros-dev/ros2/install/qcar2_interfaces:${AMENT_PREFIX_PATH} CMAKE_PREFIX_PATH=/workspaces/isaac_ros-dev/ros2/install/qcar2_interfaces:/opt/ros/humble LD_LIBRARY_PATH=/workspaces/isaac_ros-dev/ros2/install/qcar2_interfaces/lib:${LD_LIBRARY_PATH} PYTHONPATH=/workspaces/isaac_ros-dev/ros2/install/qcar2_interfaces/lib/python3.8/site-packages:${PYTHONPATH} /usr/bin/cmake --build /workspaces/isaac_ros-dev/ros2/build/qcar2_nodes -- -j16 -l16
[2.907s] [ 31%] [32mBuilding CXX object CMakeFiles/qcar2_hardware.dir/src/qcar2_hardware.cpp.o[0m
[2.907s] [ 31%] [32mBuilding CXX object CMakeFiles/csi.dir/src/csi.cpp.o[0m
[2.907s] [ 31%] [32mBuilding CXX object CMakeFiles/command.dir/src/command.cpp.o[0m
[2.908s] [ 31%] [32mBuilding CXX object CMakeFiles/rgbd.dir/src/rgbd.cpp.o[0m
[2.908s] [ 31%] [32mBuilding CXX object CMakeFiles/nav2_qcar2_converter.dir/src/nav2_qcar_command_convert.cpp.o[0m
[2.908s] [ 37%] [32mBuilding CXX object CMakeFiles/lidar.dir/src/lidar.cpp.o[0m
[2.909s] [ 43%] [32mBuilding CXX object CMakeFiles/fixed_lidar_frame_virtual.dir/src/fixed_lidar_frame_virtual.cpp.o[0m
[2.909s] [ 50%] [32mBuilding CXX object CMakeFiles/fixed_lidar_frame.dir/src/fixed_lidar_frame.cpp.o[0m
[6.095s] [01m[K/workspaces/isaac_ros-dev/ros2/src/qcar2_nodes/src/qcar2_hardware.cpp:[m[K In member function ‘[01m[Kvoid QCar2::motor_command_callback(const MotorCommands&)[m[K’:
[6.096s] [01m[K/workspaces/isaac_ros-dev/ros2/src/qcar2_nodes/src/qcar2_hardware.cpp:573:19:[m[K [01;35m[Kwarning: [m[Kvariable ‘[01m[Kvalid_name[m[K’ set but not used [[01;35m[K-Wunused-but-set-variable[m[K]
[6.096s]   573 |         t_boolean [01;35m[Kvalid_name[m[K = true;
[6.096s]       |                   [01;35m[K^~~~~~~~~~[m[K
[7.107s] [ 56%] [32m[1mLinking CXX executable csi[0m
[7.959s] [ 62%] [32m[1mLinking CXX executable rgbd[0m
[7.974s] [ 68%] [32m[1mLinking CXX executable fixed_lidar_frame_virtual[0m
[8.217s] [ 75%] [32m[1mLinking CXX executable lidar[0m
[8.278s] [ 75%] Built target csi
[8.781s] [ 75%] Built target fixed_lidar_frame_virtual
[8.915s] [ 75%] Built target lidar
[9.231s] [ 81%] [32m[1mLinking CXX executable fixed_lidar_frame[0m
[9.261s] [ 87%] [32m[1mLinking CXX executable command[0m
[9.567s] [ 87%] Built target fixed_lidar_frame
[9.582s] [ 87%] Built target command
[9.589s] [ 87%] Built target rgbd
[13.182s] [ 93%] [32m[1mLinking CXX executable nav2_qcar2_converter[0m
[13.597s] [ 93%] Built target nav2_qcar2_converter
[16.915s] [100%] [32m[1mLinking CXX executable qcar2_hardware[0m
[17.582s] [100%] Built target qcar2_hardware
[17.595s] Invoked command in '/workspaces/isaac_ros-dev/ros2/build/qcar2_nodes' returned '0': AMENT_PREFIX_PATH=/workspaces/isaac_ros-dev/ros2/install/qcar2_interfaces:${AMENT_PREFIX_PATH} CMAKE_PREFIX_PATH=/workspaces/isaac_ros-dev/ros2/install/qcar2_interfaces:/opt/ros/humble LD_LIBRARY_PATH=/workspaces/isaac_ros-dev/ros2/install/qcar2_interfaces/lib:${LD_LIBRARY_PATH} PYTHONPATH=/workspaces/isaac_ros-dev/ros2/install/qcar2_interfaces/lib/python3.8/site-packages:${PYTHONPATH} /usr/bin/cmake --build /workspaces/isaac_ros-dev/ros2/build/qcar2_nodes -- -j16 -l16
[17.684s] Invoking command in '/workspaces/isaac_ros-dev/ros2/build/qcar2_nodes': AMENT_PREFIX_PATH=/workspaces/isaac_ros-dev/ros2/install/qcar2_interfaces:${AMENT_PREFIX_PATH} CMAKE_PREFIX_PATH=/workspaces/isaac_ros-dev/ros2/install/qcar2_interfaces:/opt/ros/humble LD_LIBRARY_PATH=/workspaces/isaac_ros-dev/ros2/install/qcar2_interfaces/lib:${LD_LIBRARY_PATH} PYTHONPATH=/workspaces/isaac_ros-dev/ros2/install/qcar2_interfaces/lib/python3.8/site-packages:${PYTHONPATH} /usr/bin/cmake --install /workspaces/isaac_ros-dev/ros2/build/qcar2_nodes
[17.688s] -- Install configuration: ""
[17.688s] -- Installing: /workspaces/isaac_ros-dev/ros2/install/qcar2_nodes/lib/qcar2_nodes/qcar2_hardware
[17.695s] -- Set runtime path of "/workspaces/isaac_ros-dev/ros2/install/qcar2_nodes/lib/qcar2_nodes/qcar2_hardware" to ""
[17.695s] -- Installing: /workspaces/isaac_ros-dev/ros2/install/qcar2_nodes/lib/qcar2_nodes/rgbd
[17.696s] -- Set runtime path of "/workspaces/isaac_ros-dev/ros2/install/qcar2_nodes/lib/qcar2_nodes/rgbd" to ""
[17.696s] -- Installing: /workspaces/isaac_ros-dev/ros2/install/qcar2_nodes/lib/qcar2_nodes/lidar
[17.697s] -- Set runtime path of "/workspaces/isaac_ros-dev/ros2/install/qcar2_nodes/lib/qcar2_nodes/lidar" to ""
[17.697s] -- Installing: /workspaces/isaac_ros-dev/ros2/install/qcar2_nodes/lib/qcar2_nodes/csi
[17.698s] -- Set runtime path of "/workspaces/isaac_ros-dev/ros2/install/qcar2_nodes/lib/qcar2_nodes/csi" to ""
[17.698s] -- Installing: /workspaces/isaac_ros-dev/ros2/install/qcar2_nodes/lib/qcar2_nodes/command
[17.699s] -- Set runtime path of "/workspaces/isaac_ros-dev/ros2/install/qcar2_nodes/lib/qcar2_nodes/command" to ""
[17.699s] -- Installing: /workspaces/isaac_ros-dev/ros2/install/qcar2_nodes/lib/qcar2_nodes/nav2_qcar2_converter
[17.703s] -- Set runtime path of "/workspaces/isaac_ros-dev/ros2/install/qcar2_nodes/lib/qcar2_nodes/nav2_qcar2_converter" to ""
[17.703s] -- Installing: /workspaces/isaac_ros-dev/ros2/install/qcar2_nodes/lib/qcar2_nodes/fixed_lidar_frame
[17.704s] -- Set runtime path of "/workspaces/isaac_ros-dev/ros2/install/qcar2_nodes/lib/qcar2_nodes/fixed_lidar_frame" to ""
[17.704s] -- Installing: /workspaces/isaac_ros-dev/ros2/install/qcar2_nodes/lib/qcar2_nodes/fixed_lidar_frame_virtual
[17.705s] -- Set runtime path of "/workspaces/isaac_ros-dev/ros2/install/qcar2_nodes/lib/qcar2_nodes/fixed_lidar_frame_virtual" to ""
[17.705s] -- Installing: /workspaces/isaac_ros-dev/ros2/install/qcar2_nodes/share/qcar2_nodes//launch
[17.705s] -- Installing: /workspaces/isaac_ros-dev/ros2/install/qcar2_nodes/share/qcar2_nodes//launch/qcar2_manual_drive_launch.py
[17.705s] -- Installing: /workspaces/isaac_ros-dev/ros2/install/qcar2_nodes/share/qcar2_nodes//launch/qcar2_launch.py
[17.705s] -- Installing: /workspaces/isaac_ros-dev/ros2/install/qcar2_nodes/share/qcar2_nodes//launch/qcar2_manual_cartographer_launch.py
[17.705s] -- Installing: /workspaces/isaac_ros-dev/ros2/install/qcar2_nodes/share/qcar2_nodes//launch/qcar2_cartographer_virtual_launch.py
[17.706s] -- Installing: /workspaces/isaac_ros-dev/ros2/install/qcar2_nodes/share/qcar2_nodes//launch/qcar2_cartographer_launch.py
[17.706s] -- Installing: /workspaces/isaac_ros-dev/ros2/install/qcar2_nodes/share/qcar2_nodes//launch/qcar2_virtual_launch.py
[17.706s] -- Installing: /workspaces/isaac_ros-dev/ros2/install/qcar2_nodes/share/qcar2_nodes//launch/qcar2_slam_and_nav_bringup_launch.py
[17.706s] -- Installing: /workspaces/isaac_ros-dev/ros2/install/qcar2_nodes/share/qcar2_nodes//launch/qcar2_slam_and_nav_bringup_virtual_launch.py
[17.706s] -- Installing: /workspaces/isaac_ros-dev/ros2/install/qcar2_nodes/share/qcar2_nodes//rt_models
[17.706s] -- Installing: /workspaces/isaac_ros-dev/ros2/install/qcar2_nodes/share/qcar2_nodes//rt_models/dummy_model
[17.706s] -- Installing: /workspaces/isaac_ros-dev/ros2/install/qcar2_nodes/share/qcar2_nodes//config
[17.706s] -- Installing: /workspaces/isaac_ros-dev/ros2/install/qcar2_nodes/share/qcar2_nodes//config/qcar2_2d.lua
[17.706s] -- Installing: /workspaces/isaac_ros-dev/ros2/install/qcar2_nodes/share/qcar2_nodes//config/qcar2_slam_and_nav_virtual.yaml
[17.707s] -- Installing: /workspaces/isaac_ros-dev/ros2/install/qcar2_nodes/share/qcar2_nodes//config/qcar2_slam_and_nav.yaml
[17.707s] -- Installing: /workspaces/isaac_ros-dev/ros2/install/qcar2_nodes/share/ament_index/resource_index/package_run_dependencies/qcar2_nodes
[17.707s] -- Installing: /workspaces/isaac_ros-dev/ros2/install/qcar2_nodes/share/ament_index/resource_index/parent_prefix_path/qcar2_nodes
[17.707s] -- Installing: /workspaces/isaac_ros-dev/ros2/install/qcar2_nodes/share/qcar2_nodes/environment/ament_prefix_path.sh
[17.708s] -- Installing: /workspaces/isaac_ros-dev/ros2/install/qcar2_nodes/share/qcar2_nodes/environment/ament_prefix_path.dsv
[17.708s] -- Installing: /workspaces/isaac_ros-dev/ros2/install/qcar2_nodes/share/qcar2_nodes/environment/path.sh
[17.708s] -- Installing: /workspaces/isaac_ros-dev/ros2/install/qcar2_nodes/share/qcar2_nodes/environment/path.dsv
[17.708s] -- Installing: /workspaces/isaac_ros-dev/ros2/install/qcar2_nodes/share/qcar2_nodes/local_setup.bash
[17.708s] -- Installing: /workspaces/isaac_ros-dev/ros2/install/qcar2_nodes/share/qcar2_nodes/local_setup.sh
[17.709s] -- Installing: /workspaces/isaac_ros-dev/ros2/install/qcar2_nodes/share/qcar2_nodes/local_setup.zsh
[17.709s] -- Installing: /workspaces/isaac_ros-dev/ros2/install/qcar2_nodes/share/qcar2_nodes/local_setup.dsv
[17.709s] -- Installing: /workspaces/isaac_ros-dev/ros2/install/qcar2_nodes/share/qcar2_nodes/package.dsv
[17.709s] -- Installing: /workspaces/isaac_ros-dev/ros2/install/qcar2_nodes/share/ament_index/resource_index/packages/qcar2_nodes
[17.709s] -- Installing: /workspaces/isaac_ros-dev/ros2/install/qcar2_nodes/share/qcar2_nodes/cmake/qcar2_nodesConfig.cmake
[17.710s] -- Installing: /workspaces/isaac_ros-dev/ros2/install/qcar2_nodes/share/qcar2_nodes/cmake/qcar2_nodesConfig-version.cmake
[17.710s] -- Installing: /workspaces/isaac_ros-dev/ros2/install/qcar2_nodes/share/qcar2_nodes/package.xml
[17.712s] Invoked command in '/workspaces/isaac_ros-dev/ros2/build/qcar2_nodes' returned '0': AMENT_PREFIX_PATH=/workspaces/isaac_ros-dev/ros2/install/qcar2_interfaces:${AMENT_PREFIX_PATH} CMAKE_PREFIX_PATH=/workspaces/isaac_ros-dev/ros2/install/qcar2_interfaces:/opt/ros/humble LD_LIBRARY_PATH=/workspaces/isaac_ros-dev/ros2/install/qcar2_interfaces/lib:${LD_LIBRARY_PATH} PYTHONPATH=/workspaces/isaac_ros-dev/ros2/install/qcar2_interfaces/lib/python3.8/site-packages:${PYTHONPATH} /usr/bin/cmake --install /workspaces/isaac_ros-dev/ros2/build/qcar2_nodes
