[2.307s] DEBUG:colcon:Command line arguments: ['/usr/bin/colcon', 'build']
[2.307s] DEBUG:colcon:Parsed command line arguments: Namespace(allow_overriding=[], ament_cmake_args=None, base_paths=['.'], build_base='build', catkin_cmake_args=None, catkin_skip_building_tests=False, cmake_args=None, cmake_clean_cache=False, cmake_clean_first=False, cmake_force_configure=False, cmake_target=None, cmake_target_skip_unavailable=False, continue_on_error=False, event_handlers=None, executor='parallel', ignore_user_meta=False, install_base='install', log_base=None, log_level=None, main=<bound method BuildVerb.main of <colcon_core.verb.build.BuildVerb object at 0x7e738a3d47c0>>, merge_install=False, metas=['./colcon.meta'], packages_above=None, packages_above_and_dependencies=None, packages_above_depth=None, packages_end=None, packages_ignore=None, packages_ignore_regex=None, packages_select=None, packages_select_build_failed=False, packages_select_by_dep=None, packages_select_regex=None, packages_select_test_failures=False, packages_skip=None, packages_skip_build_finished=False, packages_skip_by_dep=None, packages_skip_regex=None, packages_skip_test_passed=False, packages_skip_up_to=None, packages_start=None, packages_up_to=None, packages_up_to_regex=None, parallel_workers=16, paths=None, symlink_install=False, test_result_base=None, verb_extension=<colcon_core.verb.build.BuildVerb object at 0x7e738a3d47c0>, verb_name='build', verb_parser=<colcon_defaults.argument_parser.defaults.DefaultArgumentsDecorator object at 0x7e738a339220>)
[2.438s] Level 1:colcon.colcon_core.package_discovery:discover_packages(colcon_meta) check parameters
[2.438s] Level 1:colcon.colcon_core.package_discovery:discover_packages(recursive) check parameters
[2.438s] Level 1:colcon.colcon_core.package_discovery:discover_packages(ignore) check parameters
[2.438s] Level 1:colcon.colcon_core.package_discovery:discover_packages(path) check parameters
[2.438s] Level 1:colcon.colcon_core.package_discovery:discover_packages(colcon_meta) discover
[2.438s] Level 1:colcon.colcon_core.package_discovery:discover_packages(recursive) discover
[2.438s] INFO:colcon.colcon_core.package_discovery:Crawling recursively for packages in '/workspaces/isaac_ros-dev/ros2'
[2.438s] Level 1:colcon.colcon_core.package_identification:_identify(.) by extensions ['ignore', 'ignore_ament_install']
[2.438s] Level 1:colcon.colcon_core.package_identification:_identify(.) by extension 'ignore'
[2.439s] Level 1:colcon.colcon_core.package_identification:_identify(.) by extension 'ignore_ament_install'
[2.439s] Level 1:colcon.colcon_core.package_identification:_identify(.) by extensions ['colcon_pkg']
[2.439s] Level 1:colcon.colcon_core.package_identification:_identify(.) by extension 'colcon_pkg'
[2.439s] Level 1:colcon.colcon_core.package_identification:_identify(.) by extensions ['colcon_meta']
[2.439s] Level 1:colcon.colcon_core.package_identification:_identify(.) by extension 'colcon_meta'
[2.439s] Level 1:colcon.colcon_core.package_identification:_identify(.) by extensions ['ros']
[2.439s] Level 1:colcon.colcon_core.package_identification:_identify(.) by extension 'ros'
[2.451s] Level 1:colcon.colcon_core.package_identification:_identify(.) by extensions ['cmake', 'python']
[2.451s] Level 1:colcon.colcon_core.package_identification:_identify(.) by extension 'cmake'
[2.451s] Level 1:colcon.colcon_core.package_identification:_identify(.) by extension 'python'
[2.451s] Level 1:colcon.colcon_core.package_identification:_identify(.) by extensions ['python_setup_py']
[2.451s] Level 1:colcon.colcon_core.package_identification:_identify(.) by extension 'python_setup_py'
[2.451s] Level 1:colcon.colcon_core.package_identification:_identify(build) by extensions ['ignore', 'ignore_ament_install']
[2.451s] Level 1:colcon.colcon_core.package_identification:_identify(build) by extension 'ignore'
[2.451s] Level 1:colcon.colcon_core.package_identification:_identify(build) ignored
[2.451s] Level 1:colcon.colcon_core.package_identification:_identify(install) by extensions ['ignore', 'ignore_ament_install']
[2.452s] Level 1:colcon.colcon_core.package_identification:_identify(install) by extension 'ignore'
[2.452s] Level 1:colcon.colcon_core.package_identification:_identify(install) ignored
[2.452s] Level 1:colcon.colcon_core.package_identification:_identify(log) by extensions ['ignore', 'ignore_ament_install']
[2.452s] Level 1:colcon.colcon_core.package_identification:_identify(log) by extension 'ignore'
[2.452s] Level 1:colcon.colcon_core.package_identification:_identify(log) ignored
[2.452s] Level 1:colcon.colcon_core.package_identification:_identify(src) by extensions ['ignore', 'ignore_ament_install']
[2.452s] Level 1:colcon.colcon_core.package_identification:_identify(src) by extension 'ignore'
[2.452s] Level 1:colcon.colcon_core.package_identification:_identify(src) by extension 'ignore_ament_install'
[2.452s] Level 1:colcon.colcon_core.package_identification:_identify(src) by extensions ['colcon_pkg']
[2.452s] Level 1:colcon.colcon_core.package_identification:_identify(src) by extension 'colcon_pkg'
[2.452s] Level 1:colcon.colcon_core.package_identification:_identify(src) by extensions ['colcon_meta']
[2.452s] Level 1:colcon.colcon_core.package_identification:_identify(src) by extension 'colcon_meta'
[2.452s] Level 1:colcon.colcon_core.package_identification:_identify(src) by extensions ['ros']
[2.452s] Level 1:colcon.colcon_core.package_identification:_identify(src) by extension 'ros'
[2.452s] Level 1:colcon.colcon_core.package_identification:_identify(src) by extensions ['cmake', 'python']
[2.452s] Level 1:colcon.colcon_core.package_identification:_identify(src) by extension 'cmake'
[2.452s] Level 1:colcon.colcon_core.package_identification:_identify(src) by extension 'python'
[2.452s] Level 1:colcon.colcon_core.package_identification:_identify(src) by extensions ['python_setup_py']
[2.452s] Level 1:colcon.colcon_core.package_identification:_identify(src) by extension 'python_setup_py'
[2.452s] Level 1:colcon.colcon_core.package_identification:_identify(src/qcar2_interfaces) by extensions ['ignore', 'ignore_ament_install']
[2.453s] Level 1:colcon.colcon_core.package_identification:_identify(src/qcar2_interfaces) by extension 'ignore'
[2.453s] Level 1:colcon.colcon_core.package_identification:_identify(src/qcar2_interfaces) by extension 'ignore_ament_install'
[2.453s] Level 1:colcon.colcon_core.package_identification:_identify(src/qcar2_interfaces) by extensions ['colcon_pkg']
[2.453s] Level 1:colcon.colcon_core.package_identification:_identify(src/qcar2_interfaces) by extension 'colcon_pkg'
[2.453s] Level 1:colcon.colcon_core.package_identification:_identify(src/qcar2_interfaces) by extensions ['colcon_meta']
[2.453s] Level 1:colcon.colcon_core.package_identification:_identify(src/qcar2_interfaces) by extension 'colcon_meta'
[2.453s] Level 1:colcon.colcon_core.package_identification:_identify(src/qcar2_interfaces) by extensions ['ros']
[2.453s] Level 1:colcon.colcon_core.package_identification:_identify(src/qcar2_interfaces) by extension 'ros'
[2.456s] DEBUG:colcon.colcon_core.package_identification:Package 'src/qcar2_interfaces' with type 'ros.ament_cmake' and name 'qcar2_interfaces'
[2.456s] Level 1:colcon.colcon_core.package_identification:_identify(src/qcar2_nodes) by extensions ['ignore', 'ignore_ament_install']
[2.456s] Level 1:colcon.colcon_core.package_identification:_identify(src/qcar2_nodes) by extension 'ignore'
[2.456s] Level 1:colcon.colcon_core.package_identification:_identify(src/qcar2_nodes) by extension 'ignore_ament_install'
[2.456s] Level 1:colcon.colcon_core.package_identification:_identify(src/qcar2_nodes) by extensions ['colcon_pkg']
[2.456s] Level 1:colcon.colcon_core.package_identification:_identify(src/qcar2_nodes) by extension 'colcon_pkg'
[2.456s] Level 1:colcon.colcon_core.package_identification:_identify(src/qcar2_nodes) by extensions ['colcon_meta']
[2.456s] Level 1:colcon.colcon_core.package_identification:_identify(src/qcar2_nodes) by extension 'colcon_meta'
[2.456s] Level 1:colcon.colcon_core.package_identification:_identify(src/qcar2_nodes) by extensions ['ros']
[2.456s] Level 1:colcon.colcon_core.package_identification:_identify(src/qcar2_nodes) by extension 'ros'
[2.457s] DEBUG:colcon.colcon_core.package_identification:Package 'src/qcar2_nodes' with type 'ros.ament_cmake' and name 'qcar2_nodes'
[2.458s] Level 1:colcon.colcon_core.package_identification:_identify(src/qcar_wasd_controller) by extensions ['ignore', 'ignore_ament_install']
[2.458s] Level 1:colcon.colcon_core.package_identification:_identify(src/qcar_wasd_controller) by extension 'ignore'
[2.458s] Level 1:colcon.colcon_core.package_identification:_identify(src/qcar_wasd_controller) by extension 'ignore_ament_install'
[2.458s] Level 1:colcon.colcon_core.package_identification:_identify(src/qcar_wasd_controller) by extensions ['colcon_pkg']
[2.458s] Level 1:colcon.colcon_core.package_identification:_identify(src/qcar_wasd_controller) by extension 'colcon_pkg'
[2.458s] Level 1:colcon.colcon_core.package_identification:_identify(src/qcar_wasd_controller) by extensions ['colcon_meta']
[2.458s] Level 1:colcon.colcon_core.package_identification:_identify(src/qcar_wasd_controller) by extension 'colcon_meta'
[2.458s] Level 1:colcon.colcon_core.package_identification:_identify(src/qcar_wasd_controller) by extensions ['ros']
[2.458s] Level 1:colcon.colcon_core.package_identification:_identify(src/qcar_wasd_controller) by extension 'ros'
[2.458s] DEBUG:colcon.colcon_core.package_identification:Package 'src/qcar_wasd_controller' with type 'ros.ament_python' and name 'qcar_wasd_controller'
[2.458s] Level 1:colcon.colcon_core.package_discovery:discover_packages(recursive) using defaults
[2.458s] Level 1:colcon.colcon_core.package_discovery:discover_packages(ignore) discover
[2.459s] Level 1:colcon.colcon_core.package_discovery:discover_packages(ignore) using defaults
[2.459s] Level 1:colcon.colcon_core.package_discovery:discover_packages(path) discover
[2.459s] Level 1:colcon.colcon_core.package_discovery:discover_packages(path) using defaults
[2.537s] Level 1:colcon.colcon_core.package_discovery:discover_packages(prefix_path) check parameters
[2.538s] Level 1:colcon.colcon_core.package_discovery:discover_packages(prefix_path) discover
[2.562s] DEBUG:colcon.colcon_installed_package_information.package_discovery:Found 3 installed packages in /workspaces/isaac_ros-dev/ros2/install
[2.575s] DEBUG:colcon.colcon_installed_package_information.package_discovery:Found 294 installed packages in /opt/ros/humble
[2.576s] Level 1:colcon.colcon_core.package_discovery:discover_packages(prefix_path) using defaults
[2.672s] Level 5:colcon.colcon_core.verb:set package 'qcar2_interfaces' build argument 'cmake_args' from command line to 'None'
[2.672s] Level 5:colcon.colcon_core.verb:set package 'qcar2_interfaces' build argument 'cmake_target' from command line to 'None'
[2.672s] Level 5:colcon.colcon_core.verb:set package 'qcar2_interfaces' build argument 'cmake_target_skip_unavailable' from command line to 'False'
[2.672s] Level 5:colcon.colcon_core.verb:set package 'qcar2_interfaces' build argument 'cmake_clean_cache' from command line to 'False'
[2.673s] Level 5:colcon.colcon_core.verb:set package 'qcar2_interfaces' build argument 'cmake_clean_first' from command line to 'False'
[2.673s] Level 5:colcon.colcon_core.verb:set package 'qcar2_interfaces' build argument 'cmake_force_configure' from command line to 'False'
[2.673s] Level 5:colcon.colcon_core.verb:set package 'qcar2_interfaces' build argument 'ament_cmake_args' from command line to 'None'
[2.673s] Level 5:colcon.colcon_core.verb:set package 'qcar2_interfaces' build argument 'catkin_cmake_args' from command line to 'None'
[2.673s] Level 5:colcon.colcon_core.verb:set package 'qcar2_interfaces' build argument 'catkin_skip_building_tests' from command line to 'False'
[2.673s] DEBUG:colcon.colcon_core.verb:Building package 'qcar2_interfaces' with the following arguments: {'ament_cmake_args': None, 'build_base': '/workspaces/isaac_ros-dev/ros2/build/qcar2_interfaces', 'catkin_cmake_args': None, 'catkin_skip_building_tests': False, 'cmake_args': None, 'cmake_clean_cache': False, 'cmake_clean_first': False, 'cmake_force_configure': False, 'cmake_target': None, 'cmake_target_skip_unavailable': False, 'install_base': '/workspaces/isaac_ros-dev/ros2/install/qcar2_interfaces', 'merge_install': False, 'path': '/workspaces/isaac_ros-dev/ros2/src/qcar2_interfaces', 'symlink_install': False, 'test_result_base': None}
[2.684s] Level 5:colcon.colcon_core.verb:set package 'qcar_wasd_controller' build argument 'cmake_args' from command line to 'None'
[2.684s] Level 5:colcon.colcon_core.verb:set package 'qcar_wasd_controller' build argument 'cmake_target' from command line to 'None'
[2.684s] Level 5:colcon.colcon_core.verb:set package 'qcar_wasd_controller' build argument 'cmake_target_skip_unavailable' from command line to 'False'
[2.684s] Level 5:colcon.colcon_core.verb:set package 'qcar_wasd_controller' build argument 'cmake_clean_cache' from command line to 'False'
[2.684s] Level 5:colcon.colcon_core.verb:set package 'qcar_wasd_controller' build argument 'cmake_clean_first' from command line to 'False'
[2.684s] Level 5:colcon.colcon_core.verb:set package 'qcar_wasd_controller' build argument 'cmake_force_configure' from command line to 'False'
[2.684s] Level 5:colcon.colcon_core.verb:set package 'qcar_wasd_controller' build argument 'ament_cmake_args' from command line to 'None'
[2.684s] Level 5:colcon.colcon_core.verb:set package 'qcar_wasd_controller' build argument 'catkin_cmake_args' from command line to 'None'
[2.684s] Level 5:colcon.colcon_core.verb:set package 'qcar_wasd_controller' build argument 'catkin_skip_building_tests' from command line to 'False'
[2.684s] DEBUG:colcon.colcon_core.verb:Building package 'qcar_wasd_controller' with the following arguments: {'ament_cmake_args': None, 'build_base': '/workspaces/isaac_ros-dev/ros2/build/qcar_wasd_controller', 'catkin_cmake_args': None, 'catkin_skip_building_tests': False, 'cmake_args': None, 'cmake_clean_cache': False, 'cmake_clean_first': False, 'cmake_force_configure': False, 'cmake_target': None, 'cmake_target_skip_unavailable': False, 'install_base': '/workspaces/isaac_ros-dev/ros2/install/qcar_wasd_controller', 'merge_install': False, 'path': '/workspaces/isaac_ros-dev/ros2/src/qcar_wasd_controller', 'symlink_install': False, 'test_result_base': None}
[2.695s] Level 5:colcon.colcon_core.verb:set package 'qcar2_nodes' build argument 'cmake_args' from command line to 'None'
[2.695s] Level 5:colcon.colcon_core.verb:set package 'qcar2_nodes' build argument 'cmake_target' from command line to 'None'
[2.695s] Level 5:colcon.colcon_core.verb:set package 'qcar2_nodes' build argument 'cmake_target_skip_unavailable' from command line to 'False'
[2.695s] Level 5:colcon.colcon_core.verb:set package 'qcar2_nodes' build argument 'cmake_clean_cache' from command line to 'False'
[2.695s] Level 5:colcon.colcon_core.verb:set package 'qcar2_nodes' build argument 'cmake_clean_first' from command line to 'False'
[2.695s] Level 5:colcon.colcon_core.verb:set package 'qcar2_nodes' build argument 'cmake_force_configure' from command line to 'False'
[2.695s] Level 5:colcon.colcon_core.verb:set package 'qcar2_nodes' build argument 'ament_cmake_args' from command line to 'None'
[2.695s] Level 5:colcon.colcon_core.verb:set package 'qcar2_nodes' build argument 'catkin_cmake_args' from command line to 'None'
[2.695s] Level 5:colcon.colcon_core.verb:set package 'qcar2_nodes' build argument 'catkin_skip_building_tests' from command line to 'False'
[2.695s] DEBUG:colcon.colcon_core.verb:Building package 'qcar2_nodes' with the following arguments: {'ament_cmake_args': None, 'build_base': '/workspaces/isaac_ros-dev/ros2/build/qcar2_nodes', 'catkin_cmake_args': None, 'catkin_skip_building_tests': False, 'cmake_args': None, 'cmake_clean_cache': False, 'cmake_clean_first': False, 'cmake_force_configure': False, 'cmake_target': None, 'cmake_target_skip_unavailable': False, 'install_base': '/workspaces/isaac_ros-dev/ros2/install/qcar2_nodes', 'merge_install': False, 'path': '/workspaces/isaac_ros-dev/ros2/src/qcar2_nodes', 'symlink_install': False, 'test_result_base': None}
[2.706s] INFO:colcon.colcon_core.executor:Executing jobs using 'parallel' executor
[2.718s] DEBUG:colcon.colcon_parallel_executor.executor.parallel:run_until_complete
[2.718s] INFO:colcon.colcon_ros.task.ament_cmake.build:Building ROS package in '/workspaces/isaac_ros-dev/ros2/src/qcar2_interfaces' with build type 'ament_cmake'
[2.718s] INFO:colcon.colcon_cmake.task.cmake.build:Building CMake package in '/workspaces/isaac_ros-dev/ros2/src/qcar2_interfaces'
[2.733s] INFO:colcon.colcon_core.plugin_system:Skipping extension 'colcon_core.shell.bat': Not used on non-Windows systems
[2.733s] INFO:colcon.colcon_core.shell:Skip shell extension 'powershell' for command environment: Not usable outside of PowerShell
[2.733s] DEBUG:colcon.colcon_core.shell:Skip shell extension 'dsv' for command environment
[2.773s] INFO:colcon.colcon_ros.task.ament_python.build:Building ROS package in '/workspaces/isaac_ros-dev/ros2/src/qcar_wasd_controller' with build type 'ament_python'
[2.774s] Level 1:colcon.colcon_core.shell:create_environment_hook('qcar_wasd_controller', 'ament_prefix_path')
[2.787s] INFO:colcon.colcon_core.shell:Creating environment hook '/workspaces/isaac_ros-dev/ros2/install/qcar_wasd_controller/share/qcar_wasd_controller/hook/ament_prefix_path.ps1'
[2.788s] INFO:colcon.colcon_core.shell:Creating environment descriptor '/workspaces/isaac_ros-dev/ros2/install/qcar_wasd_controller/share/qcar_wasd_controller/hook/ament_prefix_path.dsv'
[2.789s] INFO:colcon.colcon_core.shell:Creating environment hook '/workspaces/isaac_ros-dev/ros2/install/qcar_wasd_controller/share/qcar_wasd_controller/hook/ament_prefix_path.sh'
[2.800s] INFO:colcon.colcon_core.shell:Skip shell extension 'powershell' for command environment: Not usable outside of PowerShell
[2.800s] DEBUG:colcon.colcon_core.shell:Skip shell extension 'dsv' for command environment
[2.844s] DEBUG:colcon.colcon_core.event_handler.log_command:Invoking command in '/workspaces/isaac_ros-dev/ros2/build/qcar2_interfaces': CMAKE_PREFIX_PATH=${CMAKE_PREFIX_PATH}:/workspaces/isaac_ros-dev/ros2/install/qcar_wasd_controller:/opt/ros/humble /usr/bin/cmake --build /workspaces/isaac_ros-dev/ros2/build/qcar2_interfaces -- -j16 -l16
[3.244s] INFO:colcon.colcon_core.task.python.build:Building Python package in '/workspaces/isaac_ros-dev/ros2/src/qcar_wasd_controller'
[3.256s] INFO:colcon.colcon_core.shell:Skip shell extension 'powershell' for command environment: Not usable outside of PowerShell
[3.256s] DEBUG:colcon.colcon_core.shell:Skip shell extension 'dsv' for command environment
[3.409s] DEBUG:colcon.colcon_core.event_handler.log_command:Invoked command in '/workspaces/isaac_ros-dev/ros2/build/qcar2_interfaces' returned '0': CMAKE_PREFIX_PATH=${CMAKE_PREFIX_PATH}:/workspaces/isaac_ros-dev/ros2/install/qcar_wasd_controller:/opt/ros/humble /usr/bin/cmake --build /workspaces/isaac_ros-dev/ros2/build/qcar2_interfaces -- -j16 -l16
[3.597s] DEBUG:colcon.colcon_core.event_handler.log_command:Invoking command in '/workspaces/isaac_ros-dev/ros2/build/qcar2_interfaces': CMAKE_PREFIX_PATH=${CMAKE_PREFIX_PATH}:/workspaces/isaac_ros-dev/ros2/install/qcar_wasd_controller:/opt/ros/humble /usr/bin/cmake --install /workspaces/isaac_ros-dev/ros2/build/qcar2_interfaces
[3.653s] Level 1:colcon.colcon_core.environment:create_environment_scripts_only(qcar2_interfaces)
[3.654s] DEBUG:colcon.colcon_core.event_handler.log_command:Invoked command in '/workspaces/isaac_ros-dev/ros2/build/qcar2_interfaces' returned '0': CMAKE_PREFIX_PATH=${CMAKE_PREFIX_PATH}:/workspaces/isaac_ros-dev/ros2/install/qcar_wasd_controller:/opt/ros/humble /usr/bin/cmake --install /workspaces/isaac_ros-dev/ros2/build/qcar2_interfaces
[3.700s] Level 1:colcon.colcon_core.environment:checking '/workspaces/isaac_ros-dev/ros2/install/qcar2_interfaces' for CMake module files
[3.701s] Level 1:colcon.colcon_core.environment:checking '/workspaces/isaac_ros-dev/ros2/install/qcar2_interfaces' for CMake config files
[3.701s] Level 1:colcon.colcon_core.shell:create_environment_hook('qcar2_interfaces', 'cmake_prefix_path')
[3.713s] INFO:colcon.colcon_core.shell:Creating environment hook '/workspaces/isaac_ros-dev/ros2/install/qcar2_interfaces/share/qcar2_interfaces/hook/cmake_prefix_path.ps1'
[3.713s] INFO:colcon.colcon_core.shell:Creating environment descriptor '/workspaces/isaac_ros-dev/ros2/install/qcar2_interfaces/share/qcar2_interfaces/hook/cmake_prefix_path.dsv'
[3.714s] INFO:colcon.colcon_core.shell:Creating environment hook '/workspaces/isaac_ros-dev/ros2/install/qcar2_interfaces/share/qcar2_interfaces/hook/cmake_prefix_path.sh'
[3.715s] Level 1:colcon.colcon_core.environment:checking '/workspaces/isaac_ros-dev/ros2/install/qcar2_interfaces/lib'
[3.715s] Level 1:colcon.colcon_core.shell:create_environment_hook('qcar2_interfaces', 'ld_library_path_lib')
[3.726s] INFO:colcon.colcon_core.shell:Creating environment hook '/workspaces/isaac_ros-dev/ros2/install/qcar2_interfaces/share/qcar2_interfaces/hook/ld_library_path_lib.ps1'
[3.727s] INFO:colcon.colcon_core.shell:Creating environment descriptor '/workspaces/isaac_ros-dev/ros2/install/qcar2_interfaces/share/qcar2_interfaces/hook/ld_library_path_lib.dsv'
[3.727s] INFO:colcon.colcon_core.shell:Creating environment hook '/workspaces/isaac_ros-dev/ros2/install/qcar2_interfaces/share/qcar2_interfaces/hook/ld_library_path_lib.sh'
[3.728s] Level 1:colcon.colcon_core.environment:checking '/workspaces/isaac_ros-dev/ros2/install/qcar2_interfaces/bin'
[3.728s] Level 1:colcon.colcon_core.environment:checking '/workspaces/isaac_ros-dev/ros2/install/qcar2_interfaces/lib/pkgconfig/qcar2_interfaces.pc'
[3.728s] Level 1:colcon.colcon_core.environment:checking '/workspaces/isaac_ros-dev/ros2/install/qcar2_interfaces/lib/python3.8/site-packages'
[3.728s] Level 1:colcon.colcon_core.shell:create_environment_hook('qcar2_interfaces', 'pythonpath')
[3.740s] INFO:colcon.colcon_core.shell:Creating environment hook '/workspaces/isaac_ros-dev/ros2/install/qcar2_interfaces/share/qcar2_interfaces/hook/pythonpath.ps1'
[3.740s] INFO:colcon.colcon_core.shell:Creating environment descriptor '/workspaces/isaac_ros-dev/ros2/install/qcar2_interfaces/share/qcar2_interfaces/hook/pythonpath.dsv'
[3.741s] INFO:colcon.colcon_core.shell:Creating environment hook '/workspaces/isaac_ros-dev/ros2/install/qcar2_interfaces/share/qcar2_interfaces/hook/pythonpath.sh'
[3.742s] Level 1:colcon.colcon_core.environment:checking '/workspaces/isaac_ros-dev/ros2/install/qcar2_interfaces/bin'
[3.754s] INFO:colcon.colcon_core.shell:Creating package script '/workspaces/isaac_ros-dev/ros2/install/qcar2_interfaces/share/qcar2_interfaces/package.ps1'
[3.755s] INFO:colcon.colcon_core.shell:Creating package descriptor '/workspaces/isaac_ros-dev/ros2/install/qcar2_interfaces/share/qcar2_interfaces/package.dsv'
[3.756s] INFO:colcon.colcon_core.shell:Creating package script '/workspaces/isaac_ros-dev/ros2/install/qcar2_interfaces/share/qcar2_interfaces/package.sh'
[3.757s] INFO:colcon.colcon_core.shell:Creating package script '/workspaces/isaac_ros-dev/ros2/install/qcar2_interfaces/share/qcar2_interfaces/package.bash'
[3.758s] INFO:colcon.colcon_core.shell:Creating package script '/workspaces/isaac_ros-dev/ros2/install/qcar2_interfaces/share/qcar2_interfaces/package.zsh'
[3.759s] Level 1:colcon.colcon_core.environment:create_file_with_runtime_dependencies(/workspaces/isaac_ros-dev/ros2/install/qcar2_interfaces/share/colcon-core/packages/qcar2_interfaces)
[3.956s] Level 1:colcon.colcon_core.environment:create_environment_scripts_only(qcar2_interfaces)
[3.968s] Level 1:colcon.colcon_core.environment:checking '/workspaces/isaac_ros-dev/ros2/install/qcar2_interfaces' for CMake module files
[3.968s] Level 1:colcon.colcon_core.environment:checking '/workspaces/isaac_ros-dev/ros2/install/qcar2_interfaces' for CMake config files
[3.969s] Level 1:colcon.colcon_core.shell:create_environment_hook('qcar2_interfaces', 'cmake_prefix_path')
[3.981s] INFO:colcon.colcon_core.shell:Creating environment hook '/workspaces/isaac_ros-dev/ros2/install/qcar2_interfaces/share/qcar2_interfaces/hook/cmake_prefix_path.ps1'
[3.982s] INFO:colcon.colcon_core.shell:Creating environment descriptor '/workspaces/isaac_ros-dev/ros2/install/qcar2_interfaces/share/qcar2_interfaces/hook/cmake_prefix_path.dsv'
[3.982s] INFO:colcon.colcon_core.shell:Creating environment hook '/workspaces/isaac_ros-dev/ros2/install/qcar2_interfaces/share/qcar2_interfaces/hook/cmake_prefix_path.sh'
[3.983s] Level 1:colcon.colcon_core.environment:checking '/workspaces/isaac_ros-dev/ros2/install/qcar2_interfaces/lib'
[3.983s] Level 1:colcon.colcon_core.shell:create_environment_hook('qcar2_interfaces', 'ld_library_path_lib')
[3.994s] INFO:colcon.colcon_core.shell:Creating environment hook '/workspaces/isaac_ros-dev/ros2/install/qcar2_interfaces/share/qcar2_interfaces/hook/ld_library_path_lib.ps1'
[3.994s] INFO:colcon.colcon_core.shell:Creating environment descriptor '/workspaces/isaac_ros-dev/ros2/install/qcar2_interfaces/share/qcar2_interfaces/hook/ld_library_path_lib.dsv'
[3.994s] INFO:colcon.colcon_core.shell:Creating environment hook '/workspaces/isaac_ros-dev/ros2/install/qcar2_interfaces/share/qcar2_interfaces/hook/ld_library_path_lib.sh'
[3.995s] Level 1:colcon.colcon_core.environment:checking '/workspaces/isaac_ros-dev/ros2/install/qcar2_interfaces/bin'
[3.995s] Level 1:colcon.colcon_core.environment:checking '/workspaces/isaac_ros-dev/ros2/install/qcar2_interfaces/lib/pkgconfig/qcar2_interfaces.pc'
[3.995s] Level 1:colcon.colcon_core.environment:checking '/workspaces/isaac_ros-dev/ros2/install/qcar2_interfaces/lib/python3.8/site-packages'
[3.995s] Level 1:colcon.colcon_core.shell:create_environment_hook('qcar2_interfaces', 'pythonpath')
[4.006s] INFO:colcon.colcon_core.shell:Creating environment hook '/workspaces/isaac_ros-dev/ros2/install/qcar2_interfaces/share/qcar2_interfaces/hook/pythonpath.ps1'
[4.007s] INFO:colcon.colcon_core.shell:Creating environment descriptor '/workspaces/isaac_ros-dev/ros2/install/qcar2_interfaces/share/qcar2_interfaces/hook/pythonpath.dsv'
[4.007s] INFO:colcon.colcon_core.shell:Creating environment hook '/workspaces/isaac_ros-dev/ros2/install/qcar2_interfaces/share/qcar2_interfaces/hook/pythonpath.sh'
[4.008s] Level 1:colcon.colcon_core.environment:checking '/workspaces/isaac_ros-dev/ros2/install/qcar2_interfaces/bin'
[4.019s] INFO:colcon.colcon_core.shell:Creating package script '/workspaces/isaac_ros-dev/ros2/install/qcar2_interfaces/share/qcar2_interfaces/package.ps1'
[4.020s] INFO:colcon.colcon_core.shell:Creating package descriptor '/workspaces/isaac_ros-dev/ros2/install/qcar2_interfaces/share/qcar2_interfaces/package.dsv'
[4.020s] INFO:colcon.colcon_core.shell:Creating package script '/workspaces/isaac_ros-dev/ros2/install/qcar2_interfaces/share/qcar2_interfaces/package.sh'
[4.021s] INFO:colcon.colcon_core.shell:Creating package script '/workspaces/isaac_ros-dev/ros2/install/qcar2_interfaces/share/qcar2_interfaces/package.bash'
[4.021s] INFO:colcon.colcon_core.shell:Creating package script '/workspaces/isaac_ros-dev/ros2/install/qcar2_interfaces/share/qcar2_interfaces/package.zsh'
[4.022s] Level 1:colcon.colcon_core.environment:create_file_with_runtime_dependencies(/workspaces/isaac_ros-dev/ros2/install/qcar2_interfaces/share/colcon-core/packages/qcar2_interfaces)
[4.023s] INFO:colcon.colcon_ros.task.ament_cmake.build:Building ROS package in '/workspaces/isaac_ros-dev/ros2/src/qcar2_nodes' with build type 'ament_cmake'
[4.023s] INFO:colcon.colcon_cmake.task.cmake.build:Building CMake package in '/workspaces/isaac_ros-dev/ros2/src/qcar2_nodes'
[4.036s] INFO:colcon.colcon_core.shell:Skip shell extension 'powershell' for command environment: Not usable outside of PowerShell
[4.036s] DEBUG:colcon.colcon_core.shell:Skip shell extension 'dsv' for command environment
[4.082s] DEBUG:colcon.colcon_core.event_handler.log_command:Invoking command in '/workspaces/isaac_ros-dev/ros2/src/qcar_wasd_controller': PYTHONPATH=/workspaces/isaac_ros-dev/ros2/build/qcar_wasd_controller/prefix_override:/workspaces/isaac_ros-dev/ros2/install/qcar_wasd_controller/lib/python3.8/site-packages:${PYTHONPATH} /usr/bin/python3 setup.py egg_info --egg-base ../../build/qcar_wasd_controller build --build-base /workspaces/isaac_ros-dev/ros2/build/qcar_wasd_controller/build install --record /workspaces/isaac_ros-dev/ros2/build/qcar_wasd_controller/install.log --single-version-externally-managed
[4.090s] DEBUG:colcon.colcon_core.event_handler.log_command:Invoking command in '/workspaces/isaac_ros-dev/ros2/build/qcar2_nodes': CMAKE_PREFIX_PATH=/workspaces/isaac_ros-dev/ros2/install/qcar2_interfaces:/workspaces/isaac_ros-dev/ros2/install/qcar2_nodes:/workspaces/isaac_ros-dev/ros2/install/qcar_wasd_controller:/opt/ros/humble PYTHONPATH=/workspaces/isaac_ros-dev/ros2/install/qcar2_interfaces/lib/python3.8/site-packages:/workspaces/isaac_ros-dev/ros2/install/qcar_wasd_controller/lib/python3.8/site-packages:/opt/ros/humble/lib/python3.8/site-packages /usr/bin/cmake --build /workspaces/isaac_ros-dev/ros2/build/qcar2_nodes -- -j16 -l16
[4.172s] DEBUG:colcon.colcon_core.event_handler.log_command:Invoked command in '/workspaces/isaac_ros-dev/ros2/build/qcar2_nodes' returned '0': CMAKE_PREFIX_PATH=/workspaces/isaac_ros-dev/ros2/install/qcar2_interfaces:/workspaces/isaac_ros-dev/ros2/install/qcar2_nodes:/workspaces/isaac_ros-dev/ros2/install/qcar_wasd_controller:/opt/ros/humble PYTHONPATH=/workspaces/isaac_ros-dev/ros2/install/qcar2_interfaces/lib/python3.8/site-packages:/workspaces/isaac_ros-dev/ros2/install/qcar_wasd_controller/lib/python3.8/site-packages:/opt/ros/humble/lib/python3.8/site-packages /usr/bin/cmake --build /workspaces/isaac_ros-dev/ros2/build/qcar2_nodes -- -j16 -l16
[4.278s] DEBUG:colcon.colcon_core.event_handler.log_command:Invoking command in '/workspaces/isaac_ros-dev/ros2/build/qcar2_nodes': CMAKE_PREFIX_PATH=/workspaces/isaac_ros-dev/ros2/install/qcar2_interfaces:/workspaces/isaac_ros-dev/ros2/install/qcar2_nodes:/workspaces/isaac_ros-dev/ros2/install/qcar_wasd_controller:/opt/ros/humble PYTHONPATH=/workspaces/isaac_ros-dev/ros2/install/qcar2_interfaces/lib/python3.8/site-packages:/workspaces/isaac_ros-dev/ros2/install/qcar_wasd_controller/lib/python3.8/site-packages:/opt/ros/humble/lib/python3.8/site-packages /usr/bin/cmake --install /workspaces/isaac_ros-dev/ros2/build/qcar2_nodes
[4.293s] Level 1:colcon.colcon_core.environment:create_environment_scripts_only(qcar2_nodes)
[4.295s] DEBUG:colcon.colcon_core.event_handler.log_command:Invoked command in '/workspaces/isaac_ros-dev/ros2/build/qcar2_nodes' returned '0': CMAKE_PREFIX_PATH=/workspaces/isaac_ros-dev/ros2/install/qcar2_interfaces:/workspaces/isaac_ros-dev/ros2/install/qcar2_nodes:/workspaces/isaac_ros-dev/ros2/install/qcar_wasd_controller:/opt/ros/humble PYTHONPATH=/workspaces/isaac_ros-dev/ros2/install/qcar2_interfaces/lib/python3.8/site-packages:/workspaces/isaac_ros-dev/ros2/install/qcar_wasd_controller/lib/python3.8/site-packages:/opt/ros/humble/lib/python3.8/site-packages /usr/bin/cmake --install /workspaces/isaac_ros-dev/ros2/build/qcar2_nodes
[4.308s] Level 1:colcon.colcon_core.environment:checking '/workspaces/isaac_ros-dev/ros2/install/qcar2_nodes' for CMake module files
[4.308s] Level 1:colcon.colcon_core.environment:checking '/workspaces/isaac_ros-dev/ros2/install/qcar2_nodes' for CMake config files
[4.309s] Level 1:colcon.colcon_core.shell:create_environment_hook('qcar2_nodes', 'cmake_prefix_path')
[4.321s] INFO:colcon.colcon_core.shell:Creating environment hook '/workspaces/isaac_ros-dev/ros2/install/qcar2_nodes/share/qcar2_nodes/hook/cmake_prefix_path.ps1'
[4.322s] INFO:colcon.colcon_core.shell:Creating environment descriptor '/workspaces/isaac_ros-dev/ros2/install/qcar2_nodes/share/qcar2_nodes/hook/cmake_prefix_path.dsv'
[4.323s] INFO:colcon.colcon_core.shell:Creating environment hook '/workspaces/isaac_ros-dev/ros2/install/qcar2_nodes/share/qcar2_nodes/hook/cmake_prefix_path.sh'
[4.323s] Level 1:colcon.colcon_core.environment:checking '/workspaces/isaac_ros-dev/ros2/install/qcar2_nodes/lib'
[4.323s] Level 1:colcon.colcon_core.environment:checking '/workspaces/isaac_ros-dev/ros2/install/qcar2_nodes/bin'
[4.323s] Level 1:colcon.colcon_core.environment:checking '/workspaces/isaac_ros-dev/ros2/install/qcar2_nodes/lib/pkgconfig/qcar2_nodes.pc'
[4.324s] Level 1:colcon.colcon_core.environment:checking '/workspaces/isaac_ros-dev/ros2/install/qcar2_nodes/lib/python3.8/site-packages'
[4.324s] Level 1:colcon.colcon_core.environment:checking '/workspaces/isaac_ros-dev/ros2/install/qcar2_nodes/bin'
[4.338s] INFO:colcon.colcon_core.shell:Creating package script '/workspaces/isaac_ros-dev/ros2/install/qcar2_nodes/share/qcar2_nodes/package.ps1'
[4.339s] INFO:colcon.colcon_core.shell:Creating package descriptor '/workspaces/isaac_ros-dev/ros2/install/qcar2_nodes/share/qcar2_nodes/package.dsv'
[4.340s] INFO:colcon.colcon_core.shell:Creating package script '/workspaces/isaac_ros-dev/ros2/install/qcar2_nodes/share/qcar2_nodes/package.sh'
[4.340s] INFO:colcon.colcon_core.shell:Creating package script '/workspaces/isaac_ros-dev/ros2/install/qcar2_nodes/share/qcar2_nodes/package.bash'
[4.340s] INFO:colcon.colcon_core.shell:Creating package script '/workspaces/isaac_ros-dev/ros2/install/qcar2_nodes/share/qcar2_nodes/package.zsh'
[4.341s] Level 1:colcon.colcon_core.environment:create_file_with_runtime_dependencies(/workspaces/isaac_ros-dev/ros2/install/qcar2_nodes/share/colcon-core/packages/qcar2_nodes)
[4.481s] Level 1:colcon.colcon_core.environment:create_environment_scripts_only(qcar2_nodes)
[4.496s] Level 1:colcon.colcon_core.environment:checking '/workspaces/isaac_ros-dev/ros2/install/qcar2_nodes' for CMake module files
[4.496s] Level 1:colcon.colcon_core.environment:checking '/workspaces/isaac_ros-dev/ros2/install/qcar2_nodes' for CMake config files
[4.497s] Level 1:colcon.colcon_core.shell:create_environment_hook('qcar2_nodes', 'cmake_prefix_path')
[4.510s] INFO:colcon.colcon_core.shell:Creating environment hook '/workspaces/isaac_ros-dev/ros2/install/qcar2_nodes/share/qcar2_nodes/hook/cmake_prefix_path.ps1'
[4.511s] INFO:colcon.colcon_core.shell:Creating environment descriptor '/workspaces/isaac_ros-dev/ros2/install/qcar2_nodes/share/qcar2_nodes/hook/cmake_prefix_path.dsv'
[4.511s] INFO:colcon.colcon_core.shell:Creating environment hook '/workspaces/isaac_ros-dev/ros2/install/qcar2_nodes/share/qcar2_nodes/hook/cmake_prefix_path.sh'
[4.512s] Level 1:colcon.colcon_core.environment:checking '/workspaces/isaac_ros-dev/ros2/install/qcar2_nodes/lib'
[4.512s] Level 1:colcon.colcon_core.environment:checking '/workspaces/isaac_ros-dev/ros2/install/qcar2_nodes/bin'
[4.512s] Level 1:colcon.colcon_core.environment:checking '/workspaces/isaac_ros-dev/ros2/install/qcar2_nodes/lib/pkgconfig/qcar2_nodes.pc'
[4.512s] Level 1:colcon.colcon_core.environment:checking '/workspaces/isaac_ros-dev/ros2/install/qcar2_nodes/lib/python3.8/site-packages'
[4.512s] Level 1:colcon.colcon_core.environment:checking '/workspaces/isaac_ros-dev/ros2/install/qcar2_nodes/bin'
[4.525s] INFO:colcon.colcon_core.shell:Creating package script '/workspaces/isaac_ros-dev/ros2/install/qcar2_nodes/share/qcar2_nodes/package.ps1'
[4.525s] INFO:colcon.colcon_core.shell:Creating package descriptor '/workspaces/isaac_ros-dev/ros2/install/qcar2_nodes/share/qcar2_nodes/package.dsv'
[4.526s] INFO:colcon.colcon_core.shell:Creating package script '/workspaces/isaac_ros-dev/ros2/install/qcar2_nodes/share/qcar2_nodes/package.sh'
[4.527s] INFO:colcon.colcon_core.shell:Creating package script '/workspaces/isaac_ros-dev/ros2/install/qcar2_nodes/share/qcar2_nodes/package.bash'
[4.527s] INFO:colcon.colcon_core.shell:Creating package script '/workspaces/isaac_ros-dev/ros2/install/qcar2_nodes/share/qcar2_nodes/package.zsh'
[4.528s] Level 1:colcon.colcon_core.environment:create_file_with_runtime_dependencies(/workspaces/isaac_ros-dev/ros2/install/qcar2_nodes/share/colcon-core/packages/qcar2_nodes)
[4.731s] DEBUG:colcon.colcon_core.event_handler.log_command:Invoked command in '/workspaces/isaac_ros-dev/ros2/src/qcar_wasd_controller' returned '0': PYTHONPATH=/workspaces/isaac_ros-dev/ros2/build/qcar_wasd_controller/prefix_override:/workspaces/isaac_ros-dev/ros2/install/qcar_wasd_controller/lib/python3.8/site-packages:${PYTHONPATH} /usr/bin/python3 setup.py egg_info --egg-base ../../build/qcar_wasd_controller build --build-base /workspaces/isaac_ros-dev/ros2/build/qcar_wasd_controller/build install --record /workspaces/isaac_ros-dev/ros2/build/qcar_wasd_controller/install.log --single-version-externally-managed
[4.743s] Level 1:colcon.colcon_core.environment:checking '/workspaces/isaac_ros-dev/ros2/install/qcar_wasd_controller' for CMake module files
[4.743s] Level 1:colcon.colcon_core.environment:checking '/workspaces/isaac_ros-dev/ros2/install/qcar_wasd_controller' for CMake config files
[4.744s] Level 1:colcon.colcon_core.environment:checking '/workspaces/isaac_ros-dev/ros2/install/qcar_wasd_controller/lib'
[4.744s] Level 1:colcon.colcon_core.environment:checking '/workspaces/isaac_ros-dev/ros2/install/qcar_wasd_controller/bin'
[4.744s] Level 1:colcon.colcon_core.environment:checking '/workspaces/isaac_ros-dev/ros2/install/qcar_wasd_controller/lib/pkgconfig/qcar_wasd_controller.pc'
[4.744s] Level 1:colcon.colcon_core.environment:checking '/workspaces/isaac_ros-dev/ros2/install/qcar_wasd_controller/lib/python3.8/site-packages'
[4.744s] Level 1:colcon.colcon_core.shell:create_environment_hook('qcar_wasd_controller', 'pythonpath')
[4.756s] INFO:colcon.colcon_core.shell:Creating environment hook '/workspaces/isaac_ros-dev/ros2/install/qcar_wasd_controller/share/qcar_wasd_controller/hook/pythonpath.ps1'
[4.756s] INFO:colcon.colcon_core.shell:Creating environment descriptor '/workspaces/isaac_ros-dev/ros2/install/qcar_wasd_controller/share/qcar_wasd_controller/hook/pythonpath.dsv'
[4.757s] INFO:colcon.colcon_core.shell:Creating environment hook '/workspaces/isaac_ros-dev/ros2/install/qcar_wasd_controller/share/qcar_wasd_controller/hook/pythonpath.sh'
[4.757s] Level 1:colcon.colcon_core.environment:checking '/workspaces/isaac_ros-dev/ros2/install/qcar_wasd_controller/bin'
[4.757s] Level 1:colcon.colcon_core.environment:create_environment_scripts_only(qcar_wasd_controller)
[4.769s] INFO:colcon.colcon_core.shell:Creating package script '/workspaces/isaac_ros-dev/ros2/install/qcar_wasd_controller/share/qcar_wasd_controller/package.ps1'
[4.770s] INFO:colcon.colcon_core.shell:Creating package descriptor '/workspaces/isaac_ros-dev/ros2/install/qcar_wasd_controller/share/qcar_wasd_controller/package.dsv'
[4.771s] INFO:colcon.colcon_core.shell:Creating package script '/workspaces/isaac_ros-dev/ros2/install/qcar_wasd_controller/share/qcar_wasd_controller/package.sh'
[4.772s] INFO:colcon.colcon_core.shell:Creating package script '/workspaces/isaac_ros-dev/ros2/install/qcar_wasd_controller/share/qcar_wasd_controller/package.bash'
[4.773s] INFO:colcon.colcon_core.shell:Creating package script '/workspaces/isaac_ros-dev/ros2/install/qcar_wasd_controller/share/qcar_wasd_controller/package.zsh'
[4.773s] Level 1:colcon.colcon_core.environment:create_file_with_runtime_dependencies(/workspaces/isaac_ros-dev/ros2/install/qcar_wasd_controller/share/colcon-core/packages/qcar_wasd_controller)
[4.773s] DEBUG:colcon.colcon_parallel_executor.executor.parallel:closing loop
[4.774s] DEBUG:colcon.colcon_parallel_executor.executor.parallel:loop closed
[4.774s] DEBUG:colcon.colcon_parallel_executor.executor.parallel:run_until_complete finished with '0'
[4.774s] DEBUG:colcon.colcon_core.event_reactor:joining thread
[4.803s] INFO:colcon.colcon_core.plugin_system:Skipping extension 'colcon_notification.desktop_notification.notify_send': Could not find 'notify-send'
[4.804s] INFO:colcon.colcon_core.plugin_system:Skipping extension 'colcon_notification.desktop_notification.terminal_notifier': Not used on non-Darwin systems
[4.804s] INFO:colcon.colcon_core.plugin_system:Skipping extension 'colcon_notification.desktop_notification.win32': Not used on non-Windows systems
[4.804s] INFO:colcon.colcon_notification.desktop_notification:Sending desktop notification using 'notify2'
[4.809s] DEBUG:colcon.colcon_notification.desktop_notification.notify2:Failed to initialize notify2: org.freedesktop.DBus.Error.Spawn.ExecFailed: /usr/bin/dbus-launch terminated abnormally without any error message
[4.809s] DEBUG:colcon.colcon_core.event_reactor:joined thread
[4.824s] INFO:colcon.colcon_core.shell:Creating prefix script '/workspaces/isaac_ros-dev/ros2/install/local_setup.ps1'
[4.825s] INFO:colcon.colcon_core.shell:Creating prefix util module '/workspaces/isaac_ros-dev/ros2/install/_local_setup_util_ps1.py'
[4.827s] INFO:colcon.colcon_core.shell:Creating prefix chain script '/workspaces/isaac_ros-dev/ros2/install/setup.ps1'
[4.840s] INFO:colcon.colcon_core.shell:Creating prefix script '/workspaces/isaac_ros-dev/ros2/install/local_setup.sh'
[4.840s] INFO:colcon.colcon_core.shell:Creating prefix util module '/workspaces/isaac_ros-dev/ros2/install/_local_setup_util_sh.py'
[4.841s] INFO:colcon.colcon_core.shell:Creating prefix chain script '/workspaces/isaac_ros-dev/ros2/install/setup.sh'
[4.853s] INFO:colcon.colcon_core.shell:Creating prefix script '/workspaces/isaac_ros-dev/ros2/install/local_setup.bash'
[4.853s] INFO:colcon.colcon_core.shell:Creating prefix chain script '/workspaces/isaac_ros-dev/ros2/install/setup.bash'
[4.865s] INFO:colcon.colcon_core.shell:Creating prefix script '/workspaces/isaac_ros-dev/ros2/install/local_setup.zsh'
[4.865s] INFO:colcon.colcon_core.shell:Creating prefix chain script '/workspaces/isaac_ros-dev/ros2/install/setup.zsh'
