[35m[1mConsolidate compiler generated dependencies of target qcar2_interfaces__rosidl_generator_c[0m
[ 10%] Built target qcar2_interfaces__rosidl_generator_c
[ 12%] Built target qcar2_interfaces__cpp
[ 12%] Built target ament_cmake_python_copy_qcar2_interfaces
[ 25%] [34m[1mGenerating C++ type support for eProsima Fast-RTPS[0m
[ 25%] [34m[1mGenerating C type support dispatch for ROS interfaces[0m
[ 25%] [34m[1mGenerating C++ introspection for ROS interfaces[0m
[ 25%] [34m[1mGenerating C type support for eProsima Fast-RTPS[0m
[ 25%] [34m[1mGenerating C introspection for ROS interfaces[0m
[ 28%] [34m[1mGenerating C++ type support dispatch for ROS interfaces[0m
Traceback (most recent call last):
  File "setup.py", line 1, in <module>
    from setuptools import find_packages
  File "/home/admin/.local/lib/python3.8/site-packages/setuptools/__init__.py", line 27, in <module>
    from .dist import Distribution
  File "/home/admin/.local/lib/python3.8/site-packages/setuptools/dist.py", line 30, in <module>
    from . import (
  File "/home/admin/.local/lib/python3.8/site-packages/setuptools/_entry_points.py", line 45, in <module>
    def validate(eps: metadata.EntryPoints):
AttributeError: module 'importlib_metadata' has no attribute 'EntryPoints'
make[2]: *** [CMakeFiles/ament_cmake_python_build_qcar2_interfaces_egg.dir/build.make:70: CMakeFiles/ament_cmake_python_build_qcar2_interfaces_egg] Error 1
make[1]: *** [CMakeFiles/Makefile2:447: CMakeFiles/ament_cmake_python_build_qcar2_interfaces_egg.dir/all] Error 2
make[1]: *** Waiting for unfinished jobs....
[ 33%] [32mBuilding CXX object CMakeFiles/qcar2_interfaces__rosidl_typesupport_cpp.dir/rosidl_typesupport_cpp/qcar2_interfaces/msg/boolean_leds__type_support.cpp.o[0m
[ 33%] [32mBuilding CXX object CMakeFiles/qcar2_interfaces__rosidl_typesupport_cpp.dir/rosidl_typesupport_cpp/qcar2_interfaces/msg/motor_commands__type_support.cpp.o[0m
[ 38%] [32mBuilding CXX object CMakeFiles/qcar2_interfaces__rosidl_typesupport_c.dir/rosidl_typesupport_c/qcar2_interfaces/msg/motor_commands__type_support.cpp.o[0m
[ 38%] [32mBuilding CXX object CMakeFiles/qcar2_interfaces__rosidl_typesupport_c.dir/rosidl_typesupport_c/qcar2_interfaces/msg/boolean_leds__type_support.cpp.o[0m
[ 41%] [32mBuilding CXX object CMakeFiles/qcar2_interfaces__rosidl_typesupport_fastrtps_c.dir/rosidl_typesupport_fastrtps_c/qcar2_interfaces/msg/detail/boolean_leds__type_support_c.cpp.o[0m
[ 43%] [32mBuilding CXX object CMakeFiles/qcar2_interfaces__rosidl_typesupport_fastrtps_c.dir/rosidl_typesupport_fastrtps_c/qcar2_interfaces/msg/detail/motor_commands__type_support_c.cpp.o[0m
[ 46%] [32mBuilding CXX object CMakeFiles/qcar2_interfaces__rosidl_typesupport_fastrtps_cpp.dir/rosidl_typesupport_fastrtps_cpp/qcar2_interfaces/msg/detail/dds_fastrtps/boolean_leds__type_support.cpp.o[0m
[ 48%] [32mBuilding CXX object CMakeFiles/qcar2_interfaces__rosidl_typesupport_fastrtps_cpp.dir/rosidl_typesupport_fastrtps_cpp/qcar2_interfaces/msg/detail/dds_fastrtps/motor_commands__type_support.cpp.o[0m
[ 53%] [32m[1mLinking CXX shared library libqcar2_interfaces__rosidl_typesupport_c.so[0m
[ 53%] [32mBuilding C object CMakeFiles/qcar2_interfaces__rosidl_typesupport_introspection_c.dir/rosidl_typesupport_introspection_c/qcar2_interfaces/msg/detail/boolean_leds__type_support.c.o[0m
[ 56%] [32mBuilding C object CMakeFiles/qcar2_interfaces__rosidl_typesupport_introspection_c.dir/rosidl_typesupport_introspection_c/qcar2_interfaces/msg/detail/motor_commands__type_support.c.o[0m
[ 58%] [32mBuilding CXX object CMakeFiles/qcar2_interfaces__rosidl_typesupport_introspection_cpp.dir/rosidl_typesupport_introspection_cpp/qcar2_interfaces/msg/detail/motor_commands__type_support.cpp.o[0m
[ 61%] [32mBuilding CXX object CMakeFiles/qcar2_interfaces__rosidl_typesupport_introspection_cpp.dir/rosidl_typesupport_introspection_cpp/qcar2_interfaces/msg/detail/boolean_leds__type_support.cpp.o[0m
[ 64%] [32m[1mLinking C shared library libqcar2_interfaces__rosidl_typesupport_introspection_c.so[0m
[ 64%] Built target qcar2_interfaces__rosidl_typesupport_c
[ 64%] Built target qcar2_interfaces__rosidl_typesupport_introspection_c
[ 66%] [32m[1mLinking CXX shared library libqcar2_interfaces__rosidl_typesupport_cpp.so[0m
[ 66%] Built target qcar2_interfaces__rosidl_typesupport_cpp
[ 69%] [32m[1mLinking CXX shared library libqcar2_interfaces__rosidl_typesupport_fastrtps_c.so[0m
[ 69%] Built target qcar2_interfaces__rosidl_typesupport_fastrtps_c
[ 71%] [32m[1mLinking CXX shared library libqcar2_interfaces__rosidl_typesupport_fastrtps_cpp.so[0m
[ 74%] [32m[1mLinking CXX shared library libqcar2_interfaces__rosidl_typesupport_introspection_cpp.so[0m
[ 74%] Built target qcar2_interfaces__rosidl_typesupport_fastrtps_cpp
[ 74%] Built target qcar2_interfaces__rosidl_typesupport_introspection_cpp
make: *** [Makefile:146: all] Error 2
