[1.267s] Invoking command in '/workspaces/isaac_ros-dev/ros2/src/qcar_wasd_controller': PYTHONPATH=/workspaces/isaac_ros-dev/ros2/build/qcar_wasd_controller/prefix_override:/workspaces/isaac_ros-dev/ros2/install/qcar_wasd_controller/lib/python3.8/site-packages:${PYTHONPATH} /usr/bin/python3 setup.py egg_info --egg-base ../../build/qcar_wasd_controller build --build-base /workspaces/isaac_ros-dev/ros2/build/qcar_wasd_controller/build install --record /workspaces/isaac_ros-dev/ros2/build/qcar_wasd_controller/install.log --single-version-externally-managed
[1.654s] running egg_info
[1.670s] writing ../../build/qcar_wasd_controller/qcar_wasd_controller.egg-info/PKG-INFO
[1.670s] writing dependency_links to ../../build/qcar_wasd_controller/qcar_wasd_controller.egg-info/dependency_links.txt
[1.670s] writing entry points to ../../build/qcar_wasd_controller/qcar_wasd_controller.egg-info/entry_points.txt
[1.670s] writing requirements to ../../build/qcar_wasd_controller/qcar_wasd_controller.egg-info/requires.txt
[1.670s] writing top-level names to ../../build/qcar_wasd_controller/qcar_wasd_controller.egg-info/top_level.txt
[1.698s] reading manifest file '../../build/qcar_wasd_controller/qcar_wasd_controller.egg-info/SOURCES.txt'
[1.699s] writing manifest file '../../build/qcar_wasd_controller/qcar_wasd_controller.egg-info/SOURCES.txt'
[1.699s] running build
[1.699s] running build_py
[1.699s] running install
[1.704s] running install_lib
[1.718s] running install_data
[1.730s] running install_egg_info
[1.743s] removing '/workspaces/isaac_ros-dev/ros2/install/qcar_wasd_controller/lib/python3.8/site-packages/qcar_wasd_controller-0.0.1-py3.8.egg-info' (and everything under it)
[1.743s] Copying ../../build/qcar_wasd_controller/qcar_wasd_controller.egg-info to /workspaces/isaac_ros-dev/ros2/install/qcar_wasd_controller/lib/python3.8/site-packages/qcar_wasd_controller-0.0.1-py3.8.egg-info
[1.744s] running install_scripts
[1.830s] Installing wasd_teleop script to /workspaces/isaac_ros-dev/ros2/install/qcar_wasd_controller/lib/qcar_wasd_controller
[1.831s] writing list of installed files to '/workspaces/isaac_ros-dev/ros2/build/qcar_wasd_controller/install.log'
[1.921s] Invoked command in '/workspaces/isaac_ros-dev/ros2/src/qcar_wasd_controller' returned '0': PYTHONPATH=/workspaces/isaac_ros-dev/ros2/build/qcar_wasd_controller/prefix_override:/workspaces/isaac_ros-dev/ros2/install/qcar_wasd_controller/lib/python3.8/site-packages:${PYTHONPATH} /usr/bin/python3 setup.py egg_info --egg-base ../../build/qcar_wasd_controller build --build-base /workspaces/isaac_ros-dev/ros2/build/qcar_wasd_controller/build install --record /workspaces/isaac_ros-dev/ros2/build/qcar_wasd_controller/install.log --single-version-externally-managed
